#
# There is insufficient memory for the Java Runtime Environment to continue.
# Native memory allocation (mmap) failed to map 67108864 bytes for Failed to commit area from 0x00000000fc000000 to 0x0000000100000000 of length 67108864.
# Possible reasons:
#   The system is out of physical RAM or swap space
#   The process is running with CompressedOops enabled, and the Java Heap may be blocking the growth of the native heap
# Possible solutions:
#   Reduce memory load on the system
#   Increase physical memory or swap space
#   Check if swap backing store is full
#   Decrease Java heap size (-Xmx/-Xms)
#   Decrease number of Java threads
#   Decrease Java thread stack sizes (-Xss)
#   Set larger code cache with -XX:ReservedCodeCacheSize=
# This output file may be truncated or incomplete.
#
#  Out of Memory Error (./src/hotspot/os/windows/os_windows.cpp:3386), pid=9700, tid=9648
#
# JRE version:  (11.0.18+10) (build )
# Java VM: OpenJDK 64-Bit Server VM (11.0.18+10-LTS, mixed mode, sharing, tiered, compressed oops, g1 gc, windows-amd64)
# No core dump will be written. Minidumps are not enabled by default on client versions of Windows
#

---------------  S U M M A R Y ------------

Command Line: -Xmx64m -Xms64m -Dorg.gradle.appname=gradlew org.gradle.wrapper.GradleWrapperMain tasks

Host: Intel(R) Core(TM) i7-6600U CPU @ 2.60GHz, 4 cores, 7G,  Windows 10 , 64 bit Build 19041 (10.0.19041.3155)
Time: Thu Aug 24 11:44:11 2023 Pakistan Standard Time elapsed time: 0.072527 seconds (0d 0h 0m 0s)

---------------  T H R E A D  ---------------

Current thread (0x00000205a904b800):  JavaThread "Unknown thread" [_thread_in_vm, id=9648, stack(0x0000004e2d600000,0x0000004e2d700000)]

Stack: [0x0000004e2d600000,0x0000004e2d700000]
Native frames: (J=compiled Java code, j=interpreted, Vv=VM code, C=native code)
V  [jvm.dll+0x62bf8a]
V  [jvm.dll+0x7b8fb9]
V  [jvm.dll+0x7ba6a8]
V  [jvm.dll+0x7bad83]
V  [jvm.dll+0x250248]
V  [jvm.dll+0x62929a]
V  [jvm.dll+0x61d855]
V  [jvm.dll+0x30c32c]
V  [jvm.dll+0x30c1b2]
V  [jvm.dll+0x310ec6]
V  [jvm.dll+0x356f0f]
V  [jvm.dll+0x356940]
V  [jvm.dll+0x2e9348]
V  [jvm.dll+0x2ea4a6]
V  [jvm.dll+0x792e07]
V  [jvm.dll+0x79458f]
V  [jvm.dll+0x363c69]
V  [jvm.dll+0x775d70]
V  [jvm.dll+0x3d297f]
V  [jvm.dll+0x3d4d11]
C  [jli.dll+0x5207]
C  [ucrtbase.dll+0x21bb2]
C  [KERNEL32.DLL+0x17614]
C  [ntdll.dll+0x526b1]


---------------  P R O C E S S  ---------------

Threads class SMR info:
_java_thread_list=0x00000205a75ff9a0, length=0, elements={
}

Java Threads: ( => current thread )

Other Threads:
  0x00000205a9063000 GCTaskThread "GC Thread#0" [stack: 0x0000004e2d800000,0x0000004e2d900000] [id=17776]
  0x00000205a906a000 ConcurrentGCThread "G1 Main Marker" [stack: 0x0000004e2d900000,0x0000004e2da00000] [id=10936]
  0x00000205a906c800 ConcurrentGCThread "G1 Conc#0" [stack: 0x0000004e2da00000,0x0000004e2db00000] [id=8656]

[error occurred during error reporting (printing all threads), id 0xc0000005, EXCEPTION_ACCESS_VIOLATION (0xc0000005) at pc=0x00007ffa3ad68b17]

VM state:not at safepoint (not fully initialized)

VM Mutex/Monitor currently owned by a thread:  ([mutex/lock_event])
[0x00000205a90487e0] Heap_lock - owner thread: 0x00000205a904b800

Heap address: 0x00000000fc000000, size: 64 MB, Compressed Oops mode: Non-zero based: 0x00000000fc000000
Narrow klass base: 0x0000000000000000, Narrow klass shift: 0

GC Heap History (0 events):
No events

Deoptimization events (0 events):
No events

Classes redefined (0 events):
No events

Internal exceptions (0 events):
No events

Events (1 events):
Event: 0.032 Loaded shared library C:\Program Files\Microsoft\jdk-11.0.18.10-hotspot\bin\zip.dll


Dynamic libraries:
0x00007ff7a8c30000 - 0x00007ff7a8c3d000 	C:\Program Files\Microsoft\jdk-11.0.18.10-hotspot\bin\java.exe
0x00007ffab6430000 - 0x00007ffab6628000 	C:\Windows\SYSTEM32\ntdll.dll
0x00007ffab4490000 - 0x00007ffab454f000 	C:\Windows\System32\KERNEL32.DLL
0x00007ffab4190000 - 0x00007ffab4486000 	C:\Windows\System32\KERNELBASE.dll
0x00007ffab3dd0000 - 0x00007ffab3ed0000 	C:\Windows\System32\ucrtbase.dll
0x00007ffa87d80000 - 0x00007ffa87d97000 	C:\Program Files\Microsoft\jdk-11.0.18.10-hotspot\bin\jli.dll
0x00007ffab5600000 - 0x00007ffab579d000 	C:\Windows\System32\USER32.dll
0x00007ffab3ed0000 - 0x00007ffab3ef2000 	C:\Windows\System32\win32u.dll
0x00007ffab49d0000 - 0x00007ffab49fc000 	C:\Windows\System32\GDI32.dll
0x00007ffab4070000 - 0x00007ffab4185000 	C:\Windows\System32\gdi32full.dll
0x00007ffab3b40000 - 0x00007ffab3bdd000 	C:\Windows\System32\msvcp_win.dll
0x00007ffa80020000 - 0x00007ffa80035000 	C:\Program Files\Microsoft\jdk-11.0.18.10-hotspot\bin\VCRUNTIME140.dll
0x00007ffaa3a30000 - 0x00007ffaa3cca000 	C:\Windows\WinSxS\amd64_microsoft.windows.common-controls_6595b64144ccf1df_6.0.19041.1110_none_60b5254171f9507e\COMCTL32.dll
0x00007ffab5060000 - 0x00007ffab50fe000 	C:\Windows\System32\msvcrt.dll
0x00007ffab6190000 - 0x00007ffab61c0000 	C:\Windows\System32\IMM32.DLL
0x00007ffa66bc0000 - 0x00007ffa66c5b000 	C:\Program Files\Microsoft\jdk-11.0.18.10-hotspot\bin\msvcp140.dll
0x00007ffa3aa70000 - 0x00007ffa3b602000 	C:\Program Files\Microsoft\jdk-11.0.18.10-hotspot\bin\server\jvm.dll
0x00007ffab60d0000 - 0x00007ffab617f000 	C:\Windows\System32\ADVAPI32.dll
0x00007ffab6220000 - 0x00007ffab62bc000 	C:\Windows\System32\sechost.dll
0x00007ffab4b10000 - 0x00007ffab4c36000 	C:\Windows\System32\RPCRT4.dll
0x00007ffab4fc0000 - 0x00007ffab4fc8000 	C:\Windows\System32\PSAPI.DLL
0x00007ffa94b70000 - 0x00007ffa94b79000 	C:\Windows\SYSTEM32\WSOCK32.dll
0x00007ffab4ed0000 - 0x00007ffab4f3b000 	C:\Windows\System32\WS2_32.dll
0x00007ffaa1e80000 - 0x00007ffaa1ea7000 	C:\Windows\SYSTEM32\WINMM.dll
0x00007ffaa57f0000 - 0x00007ffaa57fa000 	C:\Windows\SYSTEM32\VERSION.dll
0x00007ffab1b50000 - 0x00007ffab1b62000 	C:\Windows\SYSTEM32\kernel.appcore.dll
0x00007ffa90480000 - 0x00007ffa90490000 	C:\Program Files\Microsoft\jdk-11.0.18.10-hotspot\bin\verify.dll
0x00007ffab16f0000 - 0x00007ffab18d4000 	C:\Windows\SYSTEM32\DBGHELP.DLL
0x00007ffa9ba90000 - 0x00007ffa9bac4000 	C:\Windows\SYSTEM32\dbgcore.DLL
0x00007ffab3d40000 - 0x00007ffab3dc2000 	C:\Windows\System32\bcryptPrimitives.dll
0x00007ffa7fff0000 - 0x00007ffa80018000 	C:\Program Files\Microsoft\jdk-11.0.18.10-hotspot\bin\java.dll
0x00007ffa90360000 - 0x00007ffa9036a000 	C:\Program Files\Microsoft\jdk-11.0.18.10-hotspot\bin\jimage.dll
0x00007ffa7fc90000 - 0x00007ffa7fca8000 	C:\Program Files\Microsoft\jdk-11.0.18.10-hotspot\bin\zip.dll

dbghelp: loaded successfully - version: 4.0.5 - missing functions: none
symbol engine: initialized successfully - sym options: 0x614 - pdb path: .;C:\Program Files\Microsoft\jdk-11.0.18.10-hotspot\bin;C:\Windows\SYSTEM32;C:\Windows\WinSxS\amd64_microsoft.windows.common-controls_6595b64144ccf1df_6.0.19041.1110_none_60b5254171f9507e;C:\Program Files\Microsoft\jdk-11.0.18.10-hotspot\bin\server

VM Arguments:
jvm_args: -Xmx64m -Xms64m -Dorg.gradle.appname=gradlew 
java_command: org.gradle.wrapper.GradleWrapperMain tasks
java_class_path (initial): D:\Coding\Learning Projects\REACT-NATIVE\CUTTING-EDGES\android\\gradle\wrapper\gradle-wrapper.jar
Launcher Type: SUN_STANDARD

[Global flags]
     intx CICompilerCount                          = 3                                         {product} {ergonomic}
     uint ConcGCThreads                            = 1                                         {product} {ergonomic}
     uint G1ConcRefinementThreads                  = 4                                         {product} {ergonomic}
   size_t G1HeapRegionSize                         = 1048576                                   {product} {ergonomic}
    uintx GCDrainStackTargetSize                   = 64                                        {product} {ergonomic}
   size_t InitialHeapSize                          = 67108864                                  {product} {command line}
   size_t MarkStackSize                            = 4194304                                   {product} {ergonomic}
   size_t MaxHeapSize                              = 67108864                                  {product} {command line}
   size_t MinHeapDeltaBytes                        = 1048576                                   {product} {ergonomic}
    uintx NonNMethodCodeHeapSize                   = 5830732                                {pd product} {ergonomic}
    uintx NonProfiledCodeHeapSize                  = 122913754                              {pd product} {ergonomic}
    uintx ProfiledCodeHeapSize                     = 122913754                              {pd product} {ergonomic}
    uintx ReservedCodeCacheSize                    = 251658240                              {pd product} {ergonomic}
     bool SegmentedCodeCache                       = true                                      {product} {ergonomic}
     bool UseCompressedClassPointers               = true                                 {lp64_product} {ergonomic}
     bool UseCompressedOops                        = true                                 {lp64_product} {ergonomic}
     bool UseG1GC                                  = true                                      {product} {ergonomic}
     bool UseLargePagesIndividualAllocation        = false                                  {pd product} {ergonomic}

Logging:
Log output configuration:
 #0: stdout all=warning uptime,level,tags
 #1: stderr all=off uptime,level,tags

Environment Variables:
JAVA_HOME=C:\Program Files\Microsoft\jdk-11.0.18.10-hotspot\
CLASSPATH=D:\Coding\Learning Projects\REACT-NATIVE\CUTTING-EDGES\android\\gradle\wrapper\gradle-wrapper.jar
PATH=D:\Coding\Learning Projects\REACT-NATIVE\CUTTING-EDGES\node_modules\.bin;D:\Coding\Learning Projects\REACT-NATIVE\CUTTING-EDGES\node_modules\.bin;D:\Coding\Learning Projects\REACT-NATIVE\node_modules\.bin;D:\Coding\Learning Projects\node_modules\.bin;D:\Coding\node_modules\.bin;D:\node_modules\.bin;C:\Users\HT\AppData\Roaming\nvm\v16.16.0\node_modules\npm\node_modules\@npmcli\run-script\lib\node-gyp-bin;D:\Coding\Learning Projects\REACT-NATIVE\CUTTING-EDGES\node_modules\.bin;D:\Coding\Learning Projects\REACT-NATIVE\node_modules\.bin;D:\Coding\Learning Projects\node_modules\.bin;D:\Coding\node_modules\.bin;D:\node_modules\.bin;C:\Users\HT\AppData\Roaming\nvm\v16.16.0\node_modules\npm\node_modules\@npmcli\run-script\lib\node-gyp-bin;C:\Program Files\Microsoft\jdk-11.0.18.10-hotspot\bin;C:\Windows\system32;C:\Windows;C:\Windows\System32\Wbem;C:\Windows\System32\WindowsPowerShell\v1.0\;C:\Windows\System32\OpenSSH\;C:\Program Files (x86)\AMD\ATI.ACE\Core-Static;C:\Program Files\Git\cmd;C:\Program Files\Docker\Docker\resources\bin;C:\ProgramData\chocolatey\bin;C:\Users\HT\AppData\Local\Android\Sdk\platform-tools;%NVM_HOME%;%NVM_SYMLINK%;C:\Program Files\dotnet\;C:\Users\HT\AppData\Local\Android\Sdk\tools;C:\Users\HT\AppData\Local\Programs\Python\Python311\Scripts\;C:\Users\HT\AppData\Local\Programs\Python\Python311\;C:\Users\HT\AppData\Local\Microsoft\WindowsApps;C:\Users\HT\AppData\Local\Programs\Microsoft VS Code\bin;C:\Users\HT\AppData\Local\GitHubDesktop\bin;C:\Users\HT\AppData\Roaming\npm;C:\Users\HT\AppData\Roaming\nvm;C:\Program Files\nodejs
USERNAME=HT
OS=Windows_NT
PROCESSOR_IDENTIFIER=Intel64 Family 6 Model 78 Stepping 3, GenuineIntel
TMP=C:\Users\HT\AppData\Local\Temp
TEMP=C:\Users\HT\AppData\Local\Temp



---------------  S Y S T E M  ---------------

OS: Windows 10 , 64 bit Build 19041 (10.0.19041.3155)
OS uptime: 0 days 19:42 hours
Hyper-V role detected

CPU:total 4 (initial active 4) (2 cores per cpu, 2 threads per core) family 6 model 78 stepping 3 microcode 0xf0, cmov, cx8, fxsr, mmx, sse, sse2, sse3, ssse3, sse4.1, sse4.2, popcnt, avx, avx2, aes, clmul, erms, rtm, 3dnowpref, lzcnt, ht, tsc, tscinvbit, bmi1, bmi2, adx, fma

Memory: 4k page, system-wide physical 8083M (234M free)
TotalPageFile size 17061M (AvailPageFile size 68M)
current process WorkingSet (physical memory assigned to process): 9M, peak: 9M
current process commit charge ("private bytes"): 51M, peak: 115M

vm_info: OpenJDK 64-Bit Server VM (11.0.18+10-LTS) for windows-amd64 JRE (11.0.18+10-LTS), built on Jan 18 2023 15:56:47 by "MicrosoftCorporation" with MS VC++ 15.9 (VS2017)

END.
