#
# There is insufficient memory for the Java Runtime Environment to continue.
# Native memory allocation (malloc) failed to allocate 1605776 bytes for Chunk::new
# Possible reasons:
#   The system is out of physical RAM or swap space
#   The process is running with CompressedOops enabled, and the Java Heap may be blocking the growth of the native heap
# Possible solutions:
#   Reduce memory load on the system
#   Increase physical memory or swap space
#   Check if swap backing store is full
#   Decrease Java heap size (-Xmx/-Xms)
#   Decrease number of Java threads
#   Decrease Java thread stack sizes (-Xss)
#   Set larger code cache with -XX:ReservedCodeCacheSize=
#   JVM is running with Unscaled Compressed Oops mode in which the Java heap is
#     placed in the first 4GB address space. The Java Heap base address is the
#     maximum limit for the native heap growth. Please use -XX:HeapBaseMinAddress
#     to set the Java Heap base and to place the Java Heap above 4GB virtual address.
# This output file may be truncated or incomplete.
#
#  Out of Memory Error (./src/hotspot/share/memory/arena.cpp:197), pid=12536, tid=18300
#
# JRE version: OpenJDK Runtime Environment Microsoft-7208460 (11.0.18+10) (build 11.0.18+10-LTS)
# Java VM: OpenJDK 64-Bit Server VM Microsoft-7208460 (11.0.18+10-LTS, mixed mode, tiered, compressed oops, g1 gc, windows-amd64)
# No core dump will be written. Minidumps are not enabled by default on client versions of Windows
#

---------------  S U M M A R Y ------------

Command Line: -XX:MaxMetaspaceSize=512m --add-opens=java.base/java.util=ALL-UNNAMED --add-opens=java.base/java.lang=ALL-UNNAMED --add-opens=java.base/java.lang.invoke=ALL-UNNAMED --add-opens=java.prefs/java.util.prefs=ALL-UNNAMED --add-opens=java.base/java.nio.charset=ALL-UNNAMED --add-opens=java.base/java.net=ALL-UNNAMED --add-opens=java.base/java.util.concurrent.atomic=ALL-UNNAMED -Xmx2048m -Dfile.encoding=windows-1252 -Duser.country=US -Duser.language=en -Duser.variant org.gradle.launcher.daemon.bootstrap.GradleDaemon 8.0.1

Host: Intel(R) Core(TM) i7-6600U CPU @ 2.60GHz, 4 cores, 7G,  Windows 10 , 64 bit Build 19041 (10.0.19041.3155)
Time: Thu Aug 24 11:27:15 2023 Pakistan Standard Time elapsed time: 919.867048 seconds (0d 0h 15m 19s)

---------------  T H R E A D  ---------------

Current thread (0x000001d377873800):  JavaThread "C2 CompilerThread0" daemon [_thread_in_native, id=18300, stack(0x000000baaea00000,0x000000baaeb00000)]


Current CompileTask:
C2: 919867 27908   !   4       sun.nio.ch.FileChannelImpl::implCloseChannel (169 bytes)

Stack: [0x000000baaea00000,0x000000baaeb00000]
Native frames: (J=compiled Java code, j=interpreted, Vv=VM code, C=native code)
V  [jvm.dll+0x62bf8a]
V  [jvm.dll+0x7b8fb9]
V  [jvm.dll+0x7ba6a8]
V  [jvm.dll+0x7bad83]
V  [jvm.dll+0x250248]
V  [jvm.dll+0xc260c]
V  [jvm.dll+0xc2bcc]
V  [jvm.dll+0x35e182]
V  [jvm.dll+0x32a373]
V  [jvm.dll+0x3296aa]
V  [jvm.dll+0x2093b3]
V  [jvm.dll+0x20850d]
V  [jvm.dll+0x18a4b1]
V  [jvm.dll+0x217eec]
V  [jvm.dll+0x21612b]
V  [jvm.dll+0x77bac0]
V  [jvm.dll+0x7749f4]
V  [jvm.dll+0x62adf5]
C  [ucrtbase.dll+0x21bb2]
C  [KERNEL32.DLL+0x17614]
C  [ntdll.dll+0x526b1]


---------------  P R O C E S S  ---------------

Threads class SMR info:
_java_thread_list=0x000001d309115450, length=110, elements={
0x000001d35672e800, 0x000001d376eec800, 0x000001d376eed800, 0x000001d376f51000,
0x000001d376f52000, 0x000001d377870800, 0x000001d377873800, 0x000001d376f5e000,
0x000001d3778d8800, 0x000001d3779db800, 0x000001d37928a800, 0x000001d3781e6000,
0x000001d379640800, 0x000001d379dac800, 0x000001d378ba8800, 0x000001d377aee800,
0x000001d377aed800, 0x000001d377aec000, 0x000001d377aed000, 0x000001d37a812000,
0x000001d37a813000, 0x000001d37a817000, 0x000001d37a81c000, 0x000001d37a81d800,
0x000001d37a81e800, 0x000001d37a81a000, 0x000001d37a811800, 0x000001d379fbd000,
0x000001d37b4fb000, 0x000001d37b4ff000, 0x000001d37b4ff800, 0x000001d37b500800,
0x000001d379fb6800, 0x000001d379fb9800, 0x000001d379fbc000, 0x000001d379fb8000,
0x000001d379fb7000, 0x000001d379fba800, 0x000001d379fbd800, 0x000001d379fbe800,
0x000001d379fb9000, 0x000001d379fc0000, 0x000001d379fc1000, 0x000001d379fbb800,
0x000001d379fc2000, 0x000001d379fc5000, 0x000001d379fc4800, 0x000001d379fc2800,
0x000001d379fc3800, 0x000001d37b4f6800, 0x000001d37b4f7800, 0x000001d37b4f6000,
0x000001d37b4f9000, 0x000001d37b4f8800, 0x000001d37b4fa000, 0x000001d37b4f4800,
0x000001d37b4f5000, 0x000001d37b501800, 0x000001d37b4fc800, 0x000001d37b503000,
0x000001d37b4fd800, 0x000001d37a813800, 0x000001d37a814800, 0x000001d37a815800,
0x000001d37a816000, 0x000001d37a818800, 0x000001d37a81f000, 0x000001d37a819800,
0x000001d37a820000, 0x000001d37a81b000, 0x000001d302d53800, 0x000001d302d52000,
0x000001d302d55000, 0x000001d302d56000, 0x000001d302d54800, 0x000001d302d53000,
0x000001d302d5a000, 0x000001d302d5b000, 0x000001d302d5b800, 0x000001d302d58800,
0x000001d302d57800, 0x000001d302d5c800, 0x000001d302d57000, 0x000001d302d5d800,
0x000001d302d5e000, 0x000001d302d5f000, 0x000001d302d59800, 0x000001d302d60800,
0x000001d37a81c800, 0x000001d308eab000, 0x000001d308eaa800, 0x000001d308ea6800,
0x000001d308eac000, 0x000001d308ead000, 0x000001d308ea7000, 0x000001d308ead800,
0x000001d308ea9800, 0x000001d308ea8000, 0x000001d308eb4000, 0x000001d308eb2800,
0x000001d308eae800, 0x000001d308eb5000, 0x000001d308eb1000, 0x000001d308eaf800,
0x000001d308eb0000, 0x000001d379fbf800, 0x000001d308ba1800, 0x000001d308ba0000,
0x000001d308b9d800, 0x000001d308ba1000
}

Java Threads: ( => current thread )
  0x000001d35672e800 JavaThread "main" [_thread_blocked, id=13364, stack(0x000000baadd00000,0x000000baade00000)]
  0x000001d376eec800 JavaThread "Reference Handler" daemon [_thread_blocked, id=6584, stack(0x000000baae500000,0x000000baae600000)]
  0x000001d376eed800 JavaThread "Finalizer" daemon [_thread_blocked, id=8584, stack(0x000000baae600000,0x000000baae700000)]
  0x000001d376f51000 JavaThread "Signal Dispatcher" daemon [_thread_blocked, id=17788, stack(0x000000baae700000,0x000000baae800000)]
  0x000001d376f52000 JavaThread "Attach Listener" daemon [_thread_blocked, id=2640, stack(0x000000baae800000,0x000000baae900000)]
  0x000001d377870800 JavaThread "Service Thread" daemon [_thread_blocked, id=7492, stack(0x000000baae900000,0x000000baaea00000)]
=>0x000001d377873800 JavaThread "C2 CompilerThread0" daemon [_thread_in_native, id=18300, stack(0x000000baaea00000,0x000000baaeb00000)]
  0x000001d376f5e000 JavaThread "C1 CompilerThread0" daemon [_thread_blocked, id=1272, stack(0x000000baaeb00000,0x000000baaec00000)]
  0x000001d3778d8800 JavaThread "Sweeper thread" daemon [_thread_blocked, id=10304, stack(0x000000baaec00000,0x000000baaed00000)]
  0x000001d3779db800 JavaThread "Common-Cleaner" daemon [_thread_blocked, id=15376, stack(0x000000baaed00000,0x000000baaee00000)]
  0x000001d37928a800 JavaThread "Daemon health stats" [_thread_blocked, id=17668, stack(0x000000baaf100000,0x000000baaf200000)]
  0x000001d3781e6000 JavaThread "Incoming local TCP Connector on port 60536" [_thread_in_native, id=1544, stack(0x000000baaf200000,0x000000baaf300000)]
  0x000001d379640800 JavaThread "Daemon periodic checks" [_thread_blocked, id=8836, stack(0x000000baaf300000,0x000000baaf400000)]
  0x000001d379dac800 JavaThread "Daemon" [_thread_blocked, id=9468, stack(0x000000baaf400000,0x000000baaf500000)]
  0x000001d378ba8800 JavaThread "Daemon worker" [_thread_blocked, id=2132, stack(0x000000baaf700000,0x000000baaf800000)]
  0x000001d377aee800 JavaThread "Cache worker for journal cache (C:\Users\HT\.gradle\caches\journal-1)" [_thread_blocked, id=12480, stack(0x000000baafc00000,0x000000baafd00000)]
  0x000001d377aed800 JavaThread "File lock request listener" [_thread_in_native, id=6740, stack(0x000000baafd00000,0x000000baafe00000)]
  0x000001d377aec000 JavaThread "Cache worker for file hash cache (C:\Users\HT\.gradle\caches\8.0.1\fileHashes)" [_thread_blocked, id=14856, stack(0x000000baafe00000,0x000000baaff00000)]
  0x000001d377aed000 JavaThread "File watcher server" daemon [_thread_in_native, id=2624, stack(0x000000baaff00000,0x000000bab0000000)]
  0x000001d37a812000 JavaThread "File watcher consumer" daemon [_thread_blocked, id=13012, stack(0x000000bab0000000,0x000000bab0100000)]
  0x000001d37a813000 JavaThread "Cache worker for file content cache (C:\Users\HT\.gradle\caches\8.0.1\fileContent)" [_thread_blocked, id=1548, stack(0x000000bab0300000,0x000000bab0400000)]
  0x000001d37a817000 JavaThread "Cache worker for execution history cache (C:\Users\HT\.gradle\caches\8.0.1\executionHistory)" [_thread_blocked, id=10620, stack(0x000000bab0600000,0x000000bab0700000)]
  0x000001d37a81c000 JavaThread "jar transforms" [_thread_blocked, id=12136, stack(0x000000bab0800000,0x000000bab0900000)]
  0x000001d37a81d800 JavaThread "jar transforms Thread 2" [_thread_blocked, id=9432, stack(0x000000bab0900000,0x000000bab0a00000)]
  0x000001d37a81e800 JavaThread "jar transforms Thread 3" [_thread_blocked, id=11500, stack(0x000000bab0a00000,0x000000bab0b00000)]
  0x000001d37a81a000 JavaThread "jar transforms Thread 4" [_thread_blocked, id=5484, stack(0x000000bab0b00000,0x000000bab0c00000)]
  0x000001d37a811800 JavaThread "Cache worker for kotlin-dsl (C:\Users\HT\.gradle\caches\8.0.1\kotlin-dsl)" [_thread_blocked, id=15312, stack(0x000000baade00000,0x000000baadf00000)]
  0x000001d379fbd000 JavaThread "Memory manager" [_thread_blocked, id=4404, stack(0x000000bab2800000,0x000000bab2900000)]
  0x000001d37b4fb000 JavaThread "RMI Scheduler(0)" daemon [_thread_blocked, id=16968, stack(0x000000bab3d00000,0x000000bab3e00000)]
  0x000001d37b4ff000 JavaThread "RMI GC Daemon" daemon [_thread_blocked, id=17148, stack(0x000000bab3f00000,0x000000bab4000000)]
  0x000001d37b4ff800 JavaThread "RMI TCP Accept-0" daemon [_thread_in_native, id=7864, stack(0x000000bab4000000,0x000000bab4100000)]
  0x000001d37b500800 JavaThread "RMI Reaper" [_thread_blocked, id=16940, stack(0x000000bab4100000,0x000000bab4200000)]
  0x000001d379fb6800 JavaThread "Handler for socket connection from /127.0.0.1:60536 to /127.0.0.1:60885" [_thread_in_native, id=17320, stack(0x000000baadc00000,0x000000baadd00000)]
  0x000001d379fb9800 JavaThread "Cancel handler" [_thread_blocked, id=10988, stack(0x000000baaf500000,0x000000baaf600000)]
  0x000001d379fbc000 JavaThread "Asynchronous log dispatcher for DefaultDaemonConnection: socket connection from /127.0.0.1:60536 to /127.0.0.1:60885" [_thread_blocked, id=7828, stack(0x000000baaf600000,0x000000baaf700000)]
  0x000001d379fb8000 JavaThread "Stdin handler" [_thread_blocked, id=4204, stack(0x000000baaf800000,0x000000baaf900000)]
  0x000001d379fb7000 JavaThread "Daemon client event forwarder" [_thread_blocked, id=18032, stack(0x000000baaf900000,0x000000baafa00000)]
  0x000001d379fba800 JavaThread "Cache worker for checksums cache (D:\Coding\Learning Projects\REACT-NATIVE\CUTTING-EDGES\android\.gradle\8.0.1\checksums)" [_thread_blocked, id=10596, stack(0x000000baafa00000,0x000000baafb00000)]
  0x000001d379fbd800 JavaThread "Cache worker for cache directory md-rule (C:\Users\HT\.gradle\caches\8.0.1\md-rule)" [_thread_blocked, id=16676, stack(0x000000bab0100000,0x000000bab0200000)]
  0x000001d379fbe800 JavaThread "Cache worker for file hash cache (D:\Coding\Learning Projects\REACT-NATIVE\CUTTING-EDGES\android\.gradle\8.0.1\fileHashes)" [_thread_blocked, id=16308, stack(0x000000bab0200000,0x000000bab0300000)]
  0x000001d379fb9000 JavaThread "Cache worker for cache directory md-supplier (C:\Users\HT\.gradle\caches\8.0.1\md-supplier)" [_thread_blocked, id=7188, stack(0x000000bab0400000,0x000000bab0500000)]
  0x000001d379fc0000 JavaThread "Cache worker for dependencies-accessors (D:\Coding\Learning Projects\REACT-NATIVE\CUTTING-EDGES\android\.gradle\8.0.1\dependencies-accessors)" [_thread_blocked, id=17644, stack(0x000000bab0700000,0x000000bab0800000)]
  0x000001d379fc1000 JavaThread "Cache worker for Build Output Cleanup Cache (D:\Coding\Learning Projects\REACT-NATIVE\CUTTING-EDGES\node_modules\@react-native\gradle-plugin\.gradle\buildOutputCleanup)" [_thread_blocked, id=17620, stack(0x000000bab0c00000,0x000000bab0d00000)]
  0x000001d379fbb800 JavaThread "Unconstrained build operations" [_thread_blocked, id=15304, stack(0x000000bab0d00000,0x000000bab0e00000)]
  0x000001d379fc2000 JavaThread "Unconstrained build operations Thread 2" [_thread_blocked, id=13060, stack(0x000000bab0e00000,0x000000bab0f00000)]
  0x000001d379fc5000 JavaThread "Unconstrained build operations Thread 3" [_thread_blocked, id=1448, stack(0x000000bab0f00000,0x000000bab1000000)]
  0x000001d379fc4800 JavaThread "Unconstrained build operations Thread 4" [_thread_blocked, id=1184, stack(0x000000bab1000000,0x000000bab1100000)]
  0x000001d379fc2800 JavaThread "Unconstrained build operations Thread 5" [_thread_blocked, id=11672, stack(0x000000bab1100000,0x000000bab1200000)]
  0x000001d379fc3800 JavaThread "Unconstrained build operations Thread 6" [_thread_blocked, id=4764, stack(0x000000bab1200000,0x000000bab1300000)]
  0x000001d37b4f6800 JavaThread "Unconstrained build operations Thread 7" [_thread_blocked, id=10812, stack(0x000000bab1300000,0x000000bab1400000)]
  0x000001d37b4f7800 JavaThread "Unconstrained build operations Thread 8" [_thread_blocked, id=8980, stack(0x000000bab1400000,0x000000bab1500000)]
  0x000001d37b4f6000 JavaThread "Unconstrained build operations Thread 9" [_thread_blocked, id=16160, stack(0x000000bab1500000,0x000000bab1600000)]
  0x000001d37b4f9000 JavaThread "Unconstrained build operations Thread 10" [_thread_blocked, id=16436, stack(0x000000bab1600000,0x000000bab1700000)]
  0x000001d37b4f8800 JavaThread "Unconstrained build operations Thread 11" [_thread_blocked, id=14432, stack(0x000000bab1700000,0x000000bab1800000)]
  0x000001d37b4fa000 JavaThread "Unconstrained build operations Thread 12" [_thread_blocked, id=6472, stack(0x000000bab1800000,0x000000bab1900000)]
  0x000001d37b4f4800 JavaThread "Unconstrained build operations Thread 13" [_thread_blocked, id=12060, stack(0x000000bab1900000,0x000000bab1a00000)]
  0x000001d37b4f5000 JavaThread "Unconstrained build operations Thread 14" [_thread_blocked, id=16068, stack(0x000000bab1a00000,0x000000bab1b00000)]
  0x000001d37b501800 JavaThread "Unconstrained build operations Thread 15" [_thread_blocked, id=14984, stack(0x000000bab1b00000,0x000000bab1c00000)]
  0x000001d37b4fc800 JavaThread "Unconstrained build operations Thread 16" [_thread_blocked, id=2160, stack(0x000000bab1c00000,0x000000bab1d00000)]
  0x000001d37b503000 JavaThread "Unconstrained build operations Thread 17" [_thread_blocked, id=1744, stack(0x000000bab1d00000,0x000000bab1e00000)]
  0x000001d37b4fd800 JavaThread "Unconstrained build operations Thread 18" [_thread_blocked, id=10992, stack(0x000000bab1e00000,0x000000bab1f00000)]
  0x000001d37a813800 JavaThread "Unconstrained build operations Thread 19" [_thread_blocked, id=3148, stack(0x000000bab1f00000,0x000000bab2000000)]
  0x000001d37a814800 JavaThread "Unconstrained build operations Thread 20" [_thread_blocked, id=5052, stack(0x000000bab2000000,0x000000bab2100000)]
  0x000001d37a815800 JavaThread "Unconstrained build operations Thread 21" [_thread_blocked, id=15684, stack(0x000000bab2100000,0x000000bab2200000)]
  0x000001d37a816000 JavaThread "Unconstrained build operations Thread 22" [_thread_blocked, id=15264, stack(0x000000bab2200000,0x000000bab2300000)]
  0x000001d37a818800 JavaThread "Unconstrained build operations Thread 23" [_thread_blocked, id=7408, stack(0x000000bab2300000,0x000000bab2400000)]
  0x000001d37a81f000 JavaThread "Unconstrained build operations Thread 24" [_thread_blocked, id=2296, stack(0x000000bab2400000,0x000000bab2500000)]
  0x000001d37a819800 JavaThread "Unconstrained build operations Thread 25" [_thread_blocked, id=3252, stack(0x000000bab2500000,0x000000bab2600000)]
  0x000001d37a820000 JavaThread "Unconstrained build operations Thread 26" [_thread_blocked, id=11004, stack(0x000000bab2600000,0x000000bab2700000)]
  0x000001d37a81b000 JavaThread "Cache worker for Build Output Cleanup Cache (D:\Coding\Learning Projects\REACT-NATIVE\CUTTING-EDGES\android\.gradle\buildOutputCleanup)" [_thread_blocked, id=12368, stack(0x000000bab2900000,0x000000bab2a00000)]
  0x000001d302d53800 JavaThread "Execution worker" [_thread_blocked, id=18216, stack(0x000000bab2a00000,0x000000bab2b00000)]
  0x000001d302d52000 JavaThread "Execution worker Thread 2" [_thread_blocked, id=17012, stack(0x000000bab2b00000,0x000000bab2c00000)]
  0x000001d302d55000 JavaThread "Execution worker Thread 3" [_thread_in_native, id=1136, stack(0x000000bab2c00000,0x000000bab2d00000)]
  0x000001d302d56000 JavaThread "Cache worker for execution history cache (D:\Coding\Learning Projects\REACT-NATIVE\CUTTING-EDGES\node_modules\@react-native\gradle-plugin\.gradle\8.0.1\executionHistory)" [_thread_blocked, id=16224, stack(0x000000bab2d00000,0x000000bab2e00000)]
  0x000001d302d54800 JavaThread "Unconstrained build operations Thread 27" [_thread_blocked, id=12784, stack(0x000000bab2e00000,0x000000bab2f00000)]
  0x000001d302d53000 JavaThread "Unconstrained build operations Thread 28" [_thread_blocked, id=8532, stack(0x000000bab2f00000,0x000000bab3000000)]
  0x000001d302d5a000 JavaThread "Unconstrained build operations Thread 29" [_thread_blocked, id=11724, stack(0x000000bab3000000,0x000000bab3100000)]
  0x000001d302d5b000 JavaThread "Unconstrained build operations Thread 30" [_thread_blocked, id=9548, stack(0x000000bab3100000,0x000000bab3200000)]
  0x000001d302d5b800 JavaThread "Unconstrained build operations Thread 31" [_thread_blocked, id=15188, stack(0x000000bab3200000,0x000000bab3300000)]
  0x000001d302d58800 JavaThread "Unconstrained build operations Thread 32" [_thread_blocked, id=17372, stack(0x000000bab3300000,0x000000bab3400000)]
  0x000001d302d57800 JavaThread "Unconstrained build operations Thread 33" [_thread_blocked, id=6920, stack(0x000000bab3400000,0x000000bab3500000)]
  0x000001d302d5c800 JavaThread "Unconstrained build operations Thread 34" [_thread_blocked, id=10696, stack(0x000000bab3500000,0x000000bab3600000)]
  0x000001d302d57000 JavaThread "Unconstrained build operations Thread 35" [_thread_blocked, id=8680, stack(0x000000bab3600000,0x000000bab3700000)]
  0x000001d302d5d800 JavaThread "Unconstrained build operations Thread 36" [_thread_blocked, id=14580, stack(0x000000bab3700000,0x000000bab3800000)]
  0x000001d302d5e000 JavaThread "Unconstrained build operations Thread 37" [_thread_blocked, id=18128, stack(0x000000bab3800000,0x000000bab3900000)]
  0x000001d302d5f000 JavaThread "Unconstrained build operations Thread 38" [_thread_blocked, id=3644, stack(0x000000bab3900000,0x000000bab3a00000)]
  0x000001d302d59800 JavaThread "Unconstrained build operations Thread 39" [_thread_blocked, id=18424, stack(0x000000bab3a00000,0x000000bab3b00000)]
  0x000001d302d60800 JavaThread "Unconstrained build operations Thread 40" [_thread_blocked, id=9220, stack(0x000000bab3b00000,0x000000bab3c00000)]
  0x000001d37a81c800 JavaThread "included builds Thread 2" [_thread_blocked, id=4100, stack(0x000000bab0500000,0x000000bab0600000)]
  0x000001d308eab000 JavaThread "Cache worker for execution history cache (D:\Coding\Learning Projects\REACT-NATIVE\CUTTING-EDGES\android\.gradle\8.0.1\executionHistory)" [_thread_blocked, id=5532, stack(0x000000bab3c00000,0x000000bab3d00000)]
  0x000001d308eaa800 JavaThread "WorkerExecutor Queue" [_thread_blocked, id=18280, stack(0x000000bab3e00000,0x000000bab3f00000)]
  0x000001d308ea6800 JavaThread "Cache worker for Java compile cache (C:\Users\HT\.gradle\caches\8.0.1\javaCompile)" [_thread_blocked, id=17504, stack(0x000000bab4200000,0x000000bab4300000)]
  0x000001d308eac000 JavaThread "pool-4-thread-1" [_thread_blocked, id=13204, stack(0x000000bab4300000,0x000000bab4400000)]
  0x000001d308ead000 JavaThread "stderr" [_thread_in_native, id=5764, stack(0x000000bab4400000,0x000000bab4500000)]
  0x000001d308ea7000 JavaThread "stdout" [_thread_in_native, id=13040, stack(0x000000bab4500000,0x000000bab4600000)]
  0x000001d308ead800 JavaThread "Build operations" [_thread_blocked, id=5276, stack(0x000000bab4600000,0x000000bab4700000)]
  0x000001d308ea9800 JavaThread "Build operations Thread 2" [_thread_blocked, id=15872, stack(0x000000bab4700000,0x000000bab4800000)]
  0x000001d308ea8000 JavaThread "Build operations Thread 3" [_thread_blocked, id=14832, stack(0x000000bab4800000,0x000000bab4900000)]
  0x000001d308eb4000 JavaThread "Build operations Thread 4" [_thread_blocked, id=9304, stack(0x000000bab4900000,0x000000bab4a00000)]
  0x000001d308eb2800 JavaThread "WorkerExecutor Queue Thread 2" [_thread_in_native, id=13020, stack(0x000000bab4a00000,0x000000bab4b00000)]
  0x000001d308eae800 JavaThread "WorkerExecutor Queue Thread 3" [_thread_in_native, id=15272, stack(0x000000bab4b00000,0x000000bab4c00000)]
  0x000001d308eb5000 JavaThread "WorkerExecutor Queue Thread 4" [_thread_in_native, id=5252, stack(0x000000bab4c00000,0x000000bab4d00000)]
  0x000001d308eb1000 JavaThread "RMI TCP Connection(7)-127.0.0.1" daemon [_thread_in_native, id=17184, stack(0x000000bab2700000,0x000000bab2800000)]
  0x000001d308eaf800 JavaThread "RMI RenewClean-[127.0.0.1:17155,org.jetbrains.kotlin.daemon.common.LoopbackNetworkInterface$ClientLoopbackSocketFactory@1ccde2d9]" daemon [_thread_blocked, id=8332, stack(0x000000bab4d00000,0x000000bab4e00000)]
  0x000001d308eb0000 JavaThread "RMI TCP Accept-0" daemon [_thread_in_native, id=4468, stack(0x000000bab4e00000,0x000000bab4f00000)]
  0x000001d379fbf800 JavaThread "RMI RenewClean-[127.0.0.1:17155,org.jetbrains.kotlin.daemon.common.LoopbackNetworkInterface$ClientLoopbackSocketFactory@8908216]" daemon [_thread_blocked, id=908, stack(0x000000bab5000000,0x000000bab5100000)]
  0x000001d308ba1800 JavaThread "RMI TCP Accept-0" daemon [_thread_in_native, id=6040, stack(0x000000bab5100000,0x000000bab5200000)]
  0x000001d308ba0000 JavaThread "Thread-150" [_thread_in_native, id=10296, stack(0x000000bab5200000,0x000000bab5300000)]
  0x000001d308b9d800 JavaThread "RMI RenewClean-[127.0.0.1:17997,org.jetbrains.kotlin.daemon.common.LoopbackNetworkInterface$ClientLoopbackSocketFactory@9e302c3]" daemon [_thread_blocked, id=13820, stack(0x000000bab4f00000,0x000000bab5000000)]
  0x000001d308ba1000 JavaThread "RMI TCP Accept-0" daemon [_thread_in_native, id=18256, stack(0x000000bab5300000,0x000000bab5400000)]

Other Threads:
  0x000001d376eeb800 VMThread "VM Thread" [stack: 0x000000baae400000,0x000000baae500000] [id=15536]
  0x000001d377a11800 WatcherThread [stack: 0x000000baaee00000,0x000000baaef00000] [id=14836]
  0x000001d356747800 GCTaskThread "GC Thread#0" [stack: 0x000000baadf00000,0x000000baae000000] [id=10576]
  0x000001d377c96800 GCTaskThread "GC Thread#1" [stack: 0x000000baaef00000,0x000000baaf000000] [id=7372]
  0x000001d37845b000 GCTaskThread "GC Thread#2" [stack: 0x000000baaf000000,0x000000baaf100000] [id=8220]
  0x000001d37891a800 GCTaskThread "GC Thread#3" [stack: 0x000000baafb00000,0x000000baafc00000] [id=15096]
  0x000001d356779000 ConcurrentGCThread "G1 Main Marker" [stack: 0x000000baae000000,0x000000baae100000] [id=9244]
  0x000001d35677a000 ConcurrentGCThread "G1 Conc#0" [stack: 0x000000baae100000,0x000000baae200000] [id=7820]
  0x000001d356806800 ConcurrentGCThread "G1 Refine#0" [stack: 0x000000baae200000,0x000000baae300000] [id=780]
  0x000001d356807800 ConcurrentGCThread "G1 Young RemSet Sampling" [stack: 0x000000baae300000,0x000000baae400000] [id=15404]

Threads with active compile tasks:
C2 CompilerThread0   919960 27908   !   4       sun.nio.ch.FileChannelImpl::implCloseChannel (169 bytes)

VM state:not at safepoint (normal execution)

VM Mutex/Monitor currently owned by a thread: None

Heap address: 0x0000000080000000, size: 2048 MB, Compressed Oops mode: 32-bit
Narrow klass base: 0x0000000000000000, Narrow klass shift: 3
Compressed class space size: 528482304 Address: 0x0000000100000000

Heap:
 garbage-first heap   total 334848K, used 302858K [0x0000000080000000, 0x0000000100000000)
  region size 1024K, 5 young (5120K), 2 survivors (2048K)
 Metaspace       used 175251K, capacity 183214K, committed 183304K, reserved 675840K
  class space    used 22434K, capacity 25528K, committed 25600K, reserved 516096K
Heap Regions: E=young(eden), S=young(survivor), O=old, HS=humongous(starts), HC=humongous(continues), CS=collection set, F=free, A=archive, TAMS=top-at-mark-start (previous, next)
|   0|0x0000000080000000, 0x0000000080100000, 0x0000000080100000|100%| O|  |TAMS 0x0000000080100000, 0x0000000080000000| Untracked 
|   1|0x0000000080100000, 0x0000000080200000, 0x0000000080200000|100%| O|  |TAMS 0x0000000080200000, 0x0000000080100000| Untracked 
|   2|0x0000000080200000, 0x0000000080300000, 0x0000000080300000|100%| O|  |TAMS 0x0000000080300000, 0x0000000080200000| Complete 
|   3|0x0000000080300000, 0x0000000080400000, 0x0000000080400000|100%|HS|  |TAMS 0x0000000080400000, 0x0000000080300000| Complete 
|   4|0x0000000080400000, 0x0000000080500000, 0x0000000080500000|100%|HC|  |TAMS 0x0000000080500000, 0x0000000080400000| Complete 
|   5|0x0000000080500000, 0x0000000080600000, 0x0000000080600000|100%|HC|  |TAMS 0x0000000080600000, 0x0000000080500000| Complete 
|   6|0x0000000080600000, 0x0000000080700000, 0x0000000080700000|100%|HC|  |TAMS 0x0000000080700000, 0x0000000080600000| Complete 
|   7|0x0000000080700000, 0x0000000080800000, 0x0000000080800000|100%| O|  |TAMS 0x0000000080800000, 0x0000000080700000| Untracked 
|   8|0x0000000080800000, 0x0000000080900000, 0x0000000080900000|100%| O|  |TAMS 0x0000000080900000, 0x0000000080800000| Complete 
|   9|0x0000000080900000, 0x0000000080a00000, 0x0000000080a00000|100%| O|  |TAMS 0x0000000080a00000, 0x0000000080900000| Complete 
|  10|0x0000000080a00000, 0x0000000080b00000, 0x0000000080b00000|100%| O|  |TAMS 0x0000000080b00000, 0x0000000080a00000| Untracked 
|  11|0x0000000080b00000, 0x0000000080c00000, 0x0000000080c00000|100%| O|  |TAMS 0x0000000080c00000, 0x0000000080b00000| Untracked 
|  12|0x0000000080c00000, 0x0000000080d00000, 0x0000000080d00000|100%| O|  |TAMS 0x0000000080d00000, 0x0000000080c00000| Untracked 
|  13|0x0000000080d00000, 0x0000000080e00000, 0x0000000080e00000|100%| O|  |TAMS 0x0000000080e00000, 0x0000000080d00000| Untracked 
|  14|0x0000000080e00000, 0x0000000080f00000, 0x0000000080f00000|100%| O|  |TAMS 0x0000000080f00000, 0x0000000080e00000| Untracked 
|  15|0x0000000080f00000, 0x0000000081000000, 0x0000000081000000|100%| O|  |TAMS 0x0000000081000000, 0x0000000080f00000| Untracked 
|  16|0x0000000081000000, 0x0000000081100000, 0x0000000081100000|100%| O|  |TAMS 0x0000000081100000, 0x0000000081000000| Untracked 
|  17|0x0000000081100000, 0x0000000081200000, 0x0000000081200000|100%| O|  |TAMS 0x0000000081200000, 0x0000000081100000| Complete 
|  18|0x0000000081200000, 0x0000000081300000, 0x0000000081300000|100%| O|  |TAMS 0x0000000081300000, 0x0000000081200000| Complete 
|  19|0x0000000081300000, 0x0000000081400000, 0x0000000081400000|100%| O|  |TAMS 0x0000000081400000, 0x0000000081300000| Untracked 
|  20|0x0000000081400000, 0x0000000081500000, 0x0000000081500000|100%| O|  |TAMS 0x0000000081500000, 0x0000000081400000| Untracked 
|  21|0x0000000081500000, 0x0000000081600000, 0x0000000081600000|100%| O|  |TAMS 0x0000000081600000, 0x0000000081500000| Untracked 
|  22|0x0000000081600000, 0x0000000081700000, 0x0000000081700000|100%| O|  |TAMS 0x0000000081700000, 0x0000000081600000| Complete 
|  23|0x0000000081700000, 0x0000000081800000, 0x0000000081800000|100%| O|  |TAMS 0x0000000081800000, 0x0000000081700000| Complete 
|  24|0x0000000081800000, 0x0000000081900000, 0x0000000081900000|100%| O|  |TAMS 0x0000000081900000, 0x0000000081800000| Untracked 
|  25|0x0000000081900000, 0x0000000081a00000, 0x0000000081a00000|100%| O|  |TAMS 0x0000000081a00000, 0x0000000081900000| Untracked 
|  26|0x0000000081a00000, 0x0000000081b00000, 0x0000000081b00000|100%| O|  |TAMS 0x0000000081b00000, 0x0000000081a00000| Untracked 
|  27|0x0000000081b00000, 0x0000000081c00000, 0x0000000081c00000|100%| O|  |TAMS 0x0000000081c00000, 0x0000000081b00000| Untracked 
|  28|0x0000000081c00000, 0x0000000081d00000, 0x0000000081d00000|100%| O|  |TAMS 0x0000000081d00000, 0x0000000081c00000| Untracked 
|  29|0x0000000081d00000, 0x0000000081e00000, 0x0000000081e00000|100%| O|  |TAMS 0x0000000081e00000, 0x0000000081d00000| Complete 
|  30|0x0000000081e00000, 0x0000000081f00000, 0x0000000081f00000|100%|HS|  |TAMS 0x0000000081f00000, 0x0000000081e00000| Complete 
|  31|0x0000000081f00000, 0x0000000082000000, 0x0000000082000000|100%|HC|  |TAMS 0x0000000082000000, 0x0000000081f00000| Complete 
|  32|0x0000000082000000, 0x0000000082100000, 0x0000000082100000|100%|HS|  |TAMS 0x0000000082100000, 0x0000000082000000| Complete 
|  33|0x0000000082100000, 0x0000000082200000, 0x0000000082200000|100%|HC|  |TAMS 0x0000000082200000, 0x0000000082100000| Complete 
|  34|0x0000000082200000, 0x0000000082300000, 0x0000000082300000|100%|HC|  |TAMS 0x0000000082300000, 0x0000000082200000| Complete 
|  35|0x0000000082300000, 0x0000000082400000, 0x0000000082400000|100%|HC|  |TAMS 0x0000000082400000, 0x0000000082300000| Complete 
|  36|0x0000000082400000, 0x0000000082500000, 0x0000000082500000|100%| O|  |TAMS 0x0000000082500000, 0x0000000082400000| Complete 
|  37|0x0000000082500000, 0x0000000082600000, 0x0000000082600000|100%| O|  |TAMS 0x0000000082600000, 0x0000000082500000| Untracked 
|  38|0x0000000082600000, 0x0000000082700000, 0x0000000082700000|100%| O|  |TAMS 0x0000000082700000, 0x0000000082600000| Untracked 
|  39|0x0000000082700000, 0x0000000082800000, 0x0000000082800000|100%| O|  |TAMS 0x0000000082800000, 0x0000000082700000| Complete 
|  40|0x0000000082800000, 0x0000000082900000, 0x0000000082900000|100%| O|  |TAMS 0x0000000082900000, 0x0000000082800000| Untracked 
|  41|0x0000000082900000, 0x0000000082a00000, 0x0000000082a00000|100%| O|  |TAMS 0x0000000082a00000, 0x0000000082900000| Untracked 
|  42|0x0000000082a00000, 0x0000000082b00000, 0x0000000082b00000|100%| O|  |TAMS 0x0000000082b00000, 0x0000000082a00000| Untracked 
|  43|0x0000000082b00000, 0x0000000082c00000, 0x0000000082c00000|100%| O|  |TAMS 0x0000000082c00000, 0x0000000082b00000| Untracked 
|  44|0x0000000082c00000, 0x0000000082d00000, 0x0000000082d00000|100%| O|  |TAMS 0x0000000082d00000, 0x0000000082c00000| Complete 
|  45|0x0000000082d00000, 0x0000000082e00000, 0x0000000082e00000|100%| O|  |TAMS 0x0000000082e00000, 0x0000000082d00000| Untracked 
|  46|0x0000000082e00000, 0x0000000082f00000, 0x0000000082f00000|100%| O|  |TAMS 0x0000000082f00000, 0x0000000082e00000| Untracked 
|  47|0x0000000082f00000, 0x0000000083000000, 0x0000000083000000|100%| O|  |TAMS 0x0000000083000000, 0x0000000082f00000| Untracked 
|  48|0x0000000083000000, 0x0000000083100000, 0x0000000083100000|100%| O|  |TAMS 0x0000000083100000, 0x0000000083000000| Untracked 
|  49|0x0000000083100000, 0x0000000083200000, 0x0000000083200000|100%| O|  |TAMS 0x0000000083200000, 0x0000000083100000| Untracked 
|  50|0x0000000083200000, 0x0000000083300000, 0x0000000083300000|100%| O|  |TAMS 0x0000000083300000, 0x0000000083200000| Complete 
|  51|0x0000000083300000, 0x0000000083400000, 0x0000000083400000|100%| O|  |TAMS 0x0000000083400000, 0x0000000083300000| Complete 
|  52|0x0000000083400000, 0x0000000083500000, 0x0000000083500000|100%| O|  |TAMS 0x0000000083500000, 0x0000000083400000| Untracked 
|  53|0x0000000083500000, 0x0000000083600000, 0x0000000083600000|100%| O|  |TAMS 0x0000000083600000, 0x0000000083500000| Untracked 
|  54|0x0000000083600000, 0x0000000083700000, 0x0000000083700000|100%| O|  |TAMS 0x0000000083700000, 0x0000000083600000| Untracked 
|  55|0x0000000083700000, 0x0000000083800000, 0x0000000083800000|100%| O|  |TAMS 0x0000000083800000, 0x0000000083700000| Complete 
|  56|0x0000000083800000, 0x0000000083900000, 0x0000000083900000|100%| O|  |TAMS 0x0000000083900000, 0x0000000083800000| Untracked 
|  57|0x0000000083900000, 0x0000000083a00000, 0x0000000083a00000|100%| O|  |TAMS 0x0000000083a00000, 0x0000000083900000| Complete 
|  58|0x0000000083a00000, 0x0000000083b00000, 0x0000000083b00000|100%|HS|  |TAMS 0x0000000083b00000, 0x0000000083a00000| Complete 
|  59|0x0000000083b00000, 0x0000000083c00000, 0x0000000083c00000|100%|HS|  |TAMS 0x0000000083c00000, 0x0000000083b00000| Complete 
|  60|0x0000000083c00000, 0x0000000083d00000, 0x0000000083d00000|100%| O|  |TAMS 0x0000000083d00000, 0x0000000083c00000| Complete 
|  61|0x0000000083d00000, 0x0000000083e00000, 0x0000000083e00000|100%| O|  |TAMS 0x0000000083e00000, 0x0000000083d00000| Untracked 
|  62|0x0000000083e00000, 0x0000000083f00000, 0x0000000083f00000|100%| O|  |TAMS 0x0000000083f00000, 0x0000000083e00000| Complete 
|  63|0x0000000083f00000, 0x0000000084000000, 0x0000000084000000|100%| O|  |TAMS 0x0000000084000000, 0x0000000083f00000| Untracked 
|  64|0x0000000084000000, 0x0000000084100000, 0x0000000084100000|100%| O|  |TAMS 0x0000000084100000, 0x0000000084000000| Untracked 
|  65|0x0000000084100000, 0x0000000084200000, 0x0000000084200000|100%| O|  |TAMS 0x0000000084200000, 0x0000000084100000| Untracked 
|  66|0x0000000084200000, 0x0000000084300000, 0x0000000084300000|100%| O|  |TAMS 0x0000000084300000, 0x0000000084200000| Untracked 
|  67|0x0000000084300000, 0x0000000084400000, 0x0000000084400000|100%| O|  |TAMS 0x0000000084400000, 0x0000000084300000| Untracked 
|  68|0x0000000084400000, 0x0000000084500000, 0x0000000084500000|100%| O|  |TAMS 0x0000000084500000, 0x0000000084400000| Untracked 
|  69|0x0000000084500000, 0x0000000084600000, 0x0000000084600000|100%| O|  |TAMS 0x0000000084600000, 0x0000000084500000| Untracked 
|  70|0x0000000084600000, 0x0000000084700000, 0x0000000084700000|100%| O|  |TAMS 0x0000000084700000, 0x0000000084600000| Complete 
|  71|0x0000000084700000, 0x0000000084800000, 0x0000000084800000|100%| O|  |TAMS 0x0000000084800000, 0x0000000084700000| Complete 
|  72|0x0000000084800000, 0x0000000084900000, 0x0000000084900000|100%| O|  |TAMS 0x0000000084900000, 0x0000000084800000| Untracked 
|  73|0x0000000084900000, 0x0000000084a00000, 0x0000000084a00000|100%| O|  |TAMS 0x0000000084a00000, 0x0000000084900000| Untracked 
|  74|0x0000000084a00000, 0x0000000084b00000, 0x0000000084b00000|100%| O|  |TAMS 0x0000000084b00000, 0x0000000084a00000| Untracked 
|  75|0x0000000084b00000, 0x0000000084c00000, 0x0000000084c00000|100%| O|  |TAMS 0x0000000084c00000, 0x0000000084b00000| Complete 
|  76|0x0000000084c00000, 0x0000000084d00000, 0x0000000084d00000|100%| O|  |TAMS 0x0000000084d00000, 0x0000000084c00000| Untracked 
|  77|0x0000000084d00000, 0x0000000084e00000, 0x0000000084e00000|100%| O|  |TAMS 0x0000000084e00000, 0x0000000084d00000| Untracked 
|  78|0x0000000084e00000, 0x0000000084f00000, 0x0000000084f00000|100%| O|  |TAMS 0x0000000084f00000, 0x0000000084e00000| Complete 
|  79|0x0000000084f00000, 0x0000000085000000, 0x0000000085000000|100%| O|  |TAMS 0x0000000085000000, 0x0000000084f00000| Complete 
|  80|0x0000000085000000, 0x0000000085100000, 0x0000000085100000|100%| O|  |TAMS 0x0000000085100000, 0x0000000085000000| Complete 
|  81|0x0000000085100000, 0x0000000085200000, 0x0000000085200000|100%| O|  |TAMS 0x0000000085200000, 0x0000000085100000| Untracked 
|  82|0x0000000085200000, 0x0000000085300000, 0x0000000085300000|100%| O|  |TAMS 0x0000000085300000, 0x0000000085200000| Untracked 
|  83|0x0000000085300000, 0x0000000085400000, 0x0000000085400000|100%| O|  |TAMS 0x0000000085400000, 0x0000000085300000| Complete 
|  84|0x0000000085400000, 0x0000000085500000, 0x0000000085500000|100%| O|  |TAMS 0x0000000085500000, 0x0000000085400000| Untracked 
|  85|0x0000000085500000, 0x0000000085600000, 0x0000000085600000|100%|HS|  |TAMS 0x0000000085600000, 0x0000000085500000| Complete 
|  86|0x0000000085600000, 0x0000000085700000, 0x0000000085700000|100%|HC|  |TAMS 0x0000000085700000, 0x0000000085600000| Complete 
|  87|0x0000000085700000, 0x0000000085800000, 0x0000000085800000|100%|HS|  |TAMS 0x0000000085800000, 0x0000000085700000| Complete 
|  88|0x0000000085800000, 0x0000000085900000, 0x0000000085900000|100%|HC|  |TAMS 0x0000000085900000, 0x0000000085800000| Complete 
|  89|0x0000000085900000, 0x0000000085a00000, 0x0000000085a00000|100%|HC|  |TAMS 0x0000000085a00000, 0x0000000085900000| Complete 
|  90|0x0000000085a00000, 0x0000000085b00000, 0x0000000085b00000|100%|HC|  |TAMS 0x0000000085b00000, 0x0000000085a00000| Complete 
|  91|0x0000000085b00000, 0x0000000085c00000, 0x0000000085c00000|100%| O|  |TAMS 0x0000000085c00000, 0x0000000085b00000| Untracked 
|  92|0x0000000085c00000, 0x0000000085d00000, 0x0000000085d00000|100%| O|  |TAMS 0x0000000085d00000, 0x0000000085c00000| Untracked 
|  93|0x0000000085d00000, 0x0000000085e00000, 0x0000000085e00000|100%| O|  |TAMS 0x0000000085e00000, 0x0000000085d00000| Untracked 
|  94|0x0000000085e00000, 0x0000000085f00000, 0x0000000085f00000|100%| O|  |TAMS 0x0000000085f00000, 0x0000000085e00000| Complete 
|  95|0x0000000085f00000, 0x0000000086000000, 0x0000000086000000|100%| O|  |TAMS 0x0000000086000000, 0x0000000085f00000| Untracked 
|  96|0x0000000086000000, 0x0000000086100000, 0x0000000086100000|100%| O|  |TAMS 0x0000000086100000, 0x0000000086000000| Untracked 
|  97|0x0000000086100000, 0x0000000086200000, 0x0000000086200000|100%| O|  |TAMS 0x0000000086200000, 0x0000000086100000| Untracked 
|  98|0x0000000086200000, 0x0000000086300000, 0x0000000086300000|100%| O|  |TAMS 0x0000000086300000, 0x0000000086200000| Untracked 
|  99|0x0000000086300000, 0x0000000086400000, 0x0000000086400000|100%| O|  |TAMS 0x0000000086400000, 0x0000000086300000| Untracked 
| 100|0x0000000086400000, 0x0000000086500000, 0x0000000086500000|100%| O|  |TAMS 0x0000000086500000, 0x0000000086400000| Untracked 
| 101|0x0000000086500000, 0x0000000086600000, 0x0000000086600000|100%| O|  |TAMS 0x0000000086600000, 0x0000000086500000| Complete 
| 102|0x0000000086600000, 0x0000000086700000, 0x0000000086700000|100%| O|  |TAMS 0x0000000086700000, 0x0000000086600000| Complete 
| 103|0x0000000086700000, 0x0000000086800000, 0x0000000086800000|100%|HS|  |TAMS 0x0000000086800000, 0x0000000086700000| Complete 
| 104|0x0000000086800000, 0x0000000086900000, 0x0000000086900000|100%|HC|  |TAMS 0x0000000086900000, 0x0000000086800000| Complete 
| 105|0x0000000086900000, 0x0000000086a00000, 0x0000000086a00000|100%| O|  |TAMS 0x0000000086a00000, 0x0000000086900000| Untracked 
| 106|0x0000000086a00000, 0x0000000086b00000, 0x0000000086b00000|100%| O|  |TAMS 0x0000000086b00000, 0x0000000086a00000| Untracked 
| 107|0x0000000086b00000, 0x0000000086c00000, 0x0000000086c00000|100%| O|  |TAMS 0x0000000086c00000, 0x0000000086b00000| Untracked 
| 108|0x0000000086c00000, 0x0000000086d00000, 0x0000000086d00000|100%| O|  |TAMS 0x0000000086d00000, 0x0000000086c00000| Untracked 
| 109|0x0000000086d00000, 0x0000000086e00000, 0x0000000086e00000|100%| O|  |TAMS 0x0000000086e00000, 0x0000000086d00000| Untracked 
| 110|0x0000000086e00000, 0x0000000086f00000, 0x0000000086f00000|100%| O|  |TAMS 0x0000000086f00000, 0x0000000086e00000| Untracked 
| 111|0x0000000086f00000, 0x0000000087000000, 0x0000000087000000|100%|HS|  |TAMS 0x0000000087000000, 0x0000000086f00000| Complete 
| 112|0x0000000087000000, 0x0000000087100000, 0x0000000087100000|100%|HS|  |TAMS 0x0000000087100000, 0x0000000087000000| Complete 
| 113|0x0000000087100000, 0x0000000087200000, 0x0000000087200000|100%|HS|  |TAMS 0x0000000087200000, 0x0000000087100000| Complete 
| 114|0x0000000087200000, 0x0000000087300000, 0x0000000087300000|100%| O|  |TAMS 0x0000000087300000, 0x0000000087200000| Complete 
| 115|0x0000000087300000, 0x0000000087400000, 0x0000000087400000|100%| O|  |TAMS 0x0000000087400000, 0x0000000087300000| Complete 
| 116|0x0000000087400000, 0x0000000087500000, 0x0000000087500000|100%| O|  |TAMS 0x0000000087500000, 0x0000000087400000| Complete 
| 117|0x0000000087500000, 0x0000000087600000, 0x0000000087600000|100%|HS|  |TAMS 0x0000000087600000, 0x0000000087500000| Complete 
| 118|0x0000000087600000, 0x0000000087700000, 0x0000000087700000|100%|HC|  |TAMS 0x0000000087700000, 0x0000000087600000| Complete 
| 119|0x0000000087700000, 0x0000000087800000, 0x0000000087800000|100%|HC|  |TAMS 0x0000000087800000, 0x0000000087700000| Complete 
| 120|0x0000000087800000, 0x0000000087900000, 0x0000000087900000|100%| O|  |TAMS 0x0000000087900000, 0x0000000087800000| Untracked 
| 121|0x0000000087900000, 0x0000000087a00000, 0x0000000087a00000|100%| O|  |TAMS 0x0000000087a00000, 0x0000000087900000| Untracked 
| 122|0x0000000087a00000, 0x0000000087b00000, 0x0000000087b00000|100%| O|  |TAMS 0x0000000087b00000, 0x0000000087a00000| Untracked 
| 123|0x0000000087b00000, 0x0000000087c00000, 0x0000000087c00000|100%| O|  |TAMS 0x0000000087c00000, 0x0000000087b00000| Untracked 
| 124|0x0000000087c00000, 0x0000000087d00000, 0x0000000087d00000|100%| O|  |TAMS 0x0000000087d00000, 0x0000000087c00000| Untracked 
| 125|0x0000000087d00000, 0x0000000087e00000, 0x0000000087e00000|100%| O|  |TAMS 0x0000000087e00000, 0x0000000087d00000| Complete 
| 126|0x0000000087e00000, 0x0000000087f00000, 0x0000000087f00000|100%| O|  |TAMS 0x0000000087f00000, 0x0000000087e00000| Untracked 
| 127|0x0000000087f00000, 0x0000000088000000, 0x0000000088000000|100%| O|  |TAMS 0x0000000088000000, 0x0000000087f00000| Complete 
| 128|0x0000000088000000, 0x0000000088100000, 0x0000000088100000|100%| O|  |TAMS 0x0000000088100000, 0x0000000088000000| Untracked 
| 129|0x0000000088100000, 0x0000000088200000, 0x0000000088200000|100%| O|  |TAMS 0x0000000088200000, 0x0000000088100000| Untracked 
| 130|0x0000000088200000, 0x0000000088300000, 0x0000000088300000|100%| O|  |TAMS 0x0000000088300000, 0x0000000088200000| Untracked 
| 131|0x0000000088300000, 0x0000000088400000, 0x0000000088400000|100%| O|  |TAMS 0x0000000088400000, 0x0000000088300000| Untracked 
| 132|0x0000000088400000, 0x0000000088500000, 0x0000000088500000|100%| O|  |TAMS 0x0000000088500000, 0x0000000088400000| Untracked 
| 133|0x0000000088500000, 0x0000000088600000, 0x0000000088600000|100%| O|  |TAMS 0x0000000088600000, 0x0000000088500000| Complete 
| 134|0x0000000088600000, 0x0000000088700000, 0x0000000088700000|100%|HS|  |TAMS 0x0000000088700000, 0x0000000088600000| Complete 
| 135|0x0000000088700000, 0x0000000088800000, 0x0000000088800000|100%|HS|  |TAMS 0x0000000088800000, 0x0000000088700000| Complete 
| 136|0x0000000088800000, 0x0000000088900000, 0x0000000088900000|100%|HS|  |TAMS 0x0000000088900000, 0x0000000088800000| Complete 
| 137|0x0000000088900000, 0x0000000088a00000, 0x0000000088a00000|100%|HS|  |TAMS 0x0000000088a00000, 0x0000000088900000| Complete 
| 138|0x0000000088a00000, 0x0000000088b00000, 0x0000000088b00000|100%|HC|  |TAMS 0x0000000088b00000, 0x0000000088a00000| Complete 
| 139|0x0000000088b00000, 0x0000000088c00000, 0x0000000088c00000|100%|HC|  |TAMS 0x0000000088c00000, 0x0000000088b00000| Complete 
| 140|0x0000000088c00000, 0x0000000088d00000, 0x0000000088d00000|100%| O|  |TAMS 0x0000000088d00000, 0x0000000088c00000| Untracked 
| 141|0x0000000088d00000, 0x0000000088e00000, 0x0000000088e00000|100%| O|  |TAMS 0x0000000088e00000, 0x0000000088d00000| Untracked 
| 142|0x0000000088e00000, 0x0000000088f00000, 0x0000000088f00000|100%| O|  |TAMS 0x0000000088f00000, 0x0000000088e00000| Untracked 
| 143|0x0000000088f00000, 0x0000000089000000, 0x0000000089000000|100%| O|  |TAMS 0x0000000089000000, 0x0000000088f00000| Untracked 
| 144|0x0000000089000000, 0x0000000089100000, 0x0000000089100000|100%| O|  |TAMS 0x0000000089100000, 0x0000000089000000| Untracked 
| 145|0x0000000089100000, 0x0000000089200000, 0x0000000089200000|100%| O|  |TAMS 0x0000000089200000, 0x0000000089100000| Untracked 
| 146|0x0000000089200000, 0x0000000089300000, 0x0000000089300000|100%| O|  |TAMS 0x0000000089300000, 0x0000000089200000| Untracked 
| 147|0x0000000089300000, 0x0000000089400000, 0x0000000089400000|100%| O|  |TAMS 0x0000000089400000, 0x0000000089300000| Untracked 
| 148|0x0000000089400000, 0x0000000089500000, 0x0000000089500000|100%| O|  |TAMS 0x0000000089500000, 0x0000000089400000| Complete 
| 149|0x0000000089500000, 0x0000000089600000, 0x0000000089600000|100%| O|  |TAMS 0x0000000089600000, 0x0000000089500000| Untracked 
| 150|0x0000000089600000, 0x0000000089700000, 0x0000000089700000|100%|HS|  |TAMS 0x0000000089700000, 0x0000000089600000| Complete 
| 151|0x0000000089700000, 0x0000000089800000, 0x0000000089800000|100%| O|  |TAMS 0x0000000089800000, 0x0000000089700000| Untracked 
| 152|0x0000000089800000, 0x0000000089900000, 0x0000000089900000|100%| O|  |TAMS 0x0000000089900000, 0x0000000089800000| Untracked 
| 153|0x0000000089900000, 0x0000000089a00000, 0x0000000089a00000|100%| O|  |TAMS 0x0000000089a00000, 0x0000000089900000| Untracked 
| 154|0x0000000089a00000, 0x0000000089b00000, 0x0000000089b00000|100%| O|  |TAMS 0x0000000089b00000, 0x0000000089a00000| Untracked 
| 155|0x0000000089b00000, 0x0000000089c00000, 0x0000000089c00000|100%| O|  |TAMS 0x0000000089c00000, 0x0000000089b00000| Complete 
| 156|0x0000000089c00000, 0x0000000089d00000, 0x0000000089d00000|100%| O|  |TAMS 0x0000000089d00000, 0x0000000089c00000| Complete 
| 157|0x0000000089d00000, 0x0000000089e00000, 0x0000000089e00000|100%| O|  |TAMS 0x0000000089e00000, 0x0000000089d00000| Complete 
| 158|0x0000000089e00000, 0x0000000089f00000, 0x0000000089f00000|100%| O|  |TAMS 0x0000000089f00000, 0x0000000089e00000| Complete 
| 159|0x0000000089f00000, 0x000000008a000000, 0x000000008a000000|100%| O|  |TAMS 0x000000008a000000, 0x0000000089f00000| Untracked 
| 160|0x000000008a000000, 0x000000008a100000, 0x000000008a100000|100%| O|  |TAMS 0x000000008a100000, 0x000000008a000000| Untracked 
| 161|0x000000008a100000, 0x000000008a200000, 0x000000008a200000|100%| O|  |TAMS 0x000000008a200000, 0x000000008a100000| Complete 
| 162|0x000000008a200000, 0x000000008a300000, 0x000000008a300000|100%| O|  |TAMS 0x000000008a300000, 0x000000008a200000| Untracked 
| 163|0x000000008a300000, 0x000000008a400000, 0x000000008a400000|100%| O|  |TAMS 0x000000008a400000, 0x000000008a300000| Complete 
| 164|0x000000008a400000, 0x000000008a500000, 0x000000008a500000|100%| O|  |TAMS 0x000000008a500000, 0x000000008a400000| Untracked 
| 165|0x000000008a500000, 0x000000008a600000, 0x000000008a600000|100%| O|  |TAMS 0x000000008a600000, 0x000000008a500000| Untracked 
| 166|0x000000008a600000, 0x000000008a700000, 0x000000008a700000|100%| O|  |TAMS 0x000000008a700000, 0x000000008a600000| Complete 
| 167|0x000000008a700000, 0x000000008a800000, 0x000000008a800000|100%| O|  |TAMS 0x000000008a800000, 0x000000008a700000| Untracked 
| 168|0x000000008a800000, 0x000000008a900000, 0x000000008a900000|100%| O|  |TAMS 0x000000008a900000, 0x000000008a800000| Untracked 
| 169|0x000000008a900000, 0x000000008aa00000, 0x000000008aa00000|100%| O|  |TAMS 0x000000008aa00000, 0x000000008a900000| Untracked 
| 170|0x000000008aa00000, 0x000000008ab00000, 0x000000008ab00000|100%| O|  |TAMS 0x000000008ab00000, 0x000000008aa00000| Untracked 
| 171|0x000000008ab00000, 0x000000008ac00000, 0x000000008ac00000|100%| O|  |TAMS 0x000000008ac00000, 0x000000008ab00000| Complete 
| 172|0x000000008ac00000, 0x000000008ad00000, 0x000000008ad00000|100%| O|  |TAMS 0x000000008ad00000, 0x000000008ac00000| Untracked 
| 173|0x000000008ad00000, 0x000000008ae00000, 0x000000008ae00000|100%| O|  |TAMS 0x000000008ae00000, 0x000000008ad00000| Complete 
| 174|0x000000008ae00000, 0x000000008af00000, 0x000000008af00000|100%| O|  |TAMS 0x000000008af00000, 0x000000008ae00000| Complete 
| 175|0x000000008af00000, 0x000000008b000000, 0x000000008b000000|100%| O|  |TAMS 0x000000008b000000, 0x000000008af00000| Untracked 
| 176|0x000000008b000000, 0x000000008b100000, 0x000000008b100000|100%| O|  |TAMS 0x000000008b100000, 0x000000008b000000| Untracked 
| 177|0x000000008b100000, 0x000000008b200000, 0x000000008b200000|100%| O|  |TAMS 0x000000008b200000, 0x000000008b100000| Untracked 
| 178|0x000000008b200000, 0x000000008b300000, 0x000000008b300000|100%| O|  |TAMS 0x000000008b300000, 0x000000008b200000| Untracked 
| 179|0x000000008b300000, 0x000000008b400000, 0x000000008b400000|100%| O|  |TAMS 0x000000008b400000, 0x000000008b300000| Complete 
| 180|0x000000008b400000, 0x000000008b500000, 0x000000008b500000|100%| O|  |TAMS 0x000000008b500000, 0x000000008b400000| Untracked 
| 181|0x000000008b500000, 0x000000008b600000, 0x000000008b600000|100%| O|  |TAMS 0x000000008b600000, 0x000000008b500000| Complete 
| 182|0x000000008b600000, 0x000000008b700000, 0x000000008b700000|100%| O|  |TAMS 0x000000008b700000, 0x000000008b600000| Complete 
| 183|0x000000008b700000, 0x000000008b800000, 0x000000008b800000|100%| O|  |TAMS 0x000000008b800000, 0x000000008b700000| Untracked 
| 184|0x000000008b800000, 0x000000008b900000, 0x000000008b900000|100%| O|  |TAMS 0x000000008b900000, 0x000000008b800000| Complete 
| 185|0x000000008b900000, 0x000000008ba00000, 0x000000008ba00000|100%| O|  |TAMS 0x000000008ba00000, 0x000000008b900000| Untracked 
| 186|0x000000008ba00000, 0x000000008bb00000, 0x000000008bb00000|100%| O|  |TAMS 0x000000008bb00000, 0x000000008ba00000| Untracked 
| 187|0x000000008bb00000, 0x000000008bc00000, 0x000000008bc00000|100%| O|  |TAMS 0x000000008bc00000, 0x000000008bb00000| Untracked 
| 188|0x000000008bc00000, 0x000000008bd00000, 0x000000008bd00000|100%| O|  |TAMS 0x000000008bd00000, 0x000000008bc00000| Untracked 
| 189|0x000000008bd00000, 0x000000008be00000, 0x000000008be00000|100%| O|  |TAMS 0x000000008be00000, 0x000000008bd00000| Untracked 
| 190|0x000000008be00000, 0x000000008bf00000, 0x000000008bf00000|100%| O|  |TAMS 0x000000008bf00000, 0x000000008be00000| Untracked 
| 191|0x000000008bf00000, 0x000000008c000000, 0x000000008c000000|100%| O|  |TAMS 0x000000008c000000, 0x000000008bf00000| Untracked 
| 192|0x000000008c000000, 0x000000008c100000, 0x000000008c100000|100%| O|  |TAMS 0x000000008c100000, 0x000000008c000000| Untracked 
| 193|0x000000008c100000, 0x000000008c200000, 0x000000008c200000|100%| O|  |TAMS 0x000000008c200000, 0x000000008c100000| Complete 
| 194|0x000000008c200000, 0x000000008c300000, 0x000000008c300000|100%| O|  |TAMS 0x000000008c300000, 0x000000008c200000| Untracked 
| 195|0x000000008c300000, 0x000000008c400000, 0x000000008c400000|100%| O|  |TAMS 0x000000008c400000, 0x000000008c300000| Untracked 
| 196|0x000000008c400000, 0x000000008c500000, 0x000000008c500000|100%| O|  |TAMS 0x000000008c500000, 0x000000008c400000| Untracked 
| 197|0x000000008c500000, 0x000000008c600000, 0x000000008c600000|100%| O|  |TAMS 0x000000008c600000, 0x000000008c500000| Untracked 
| 198|0x000000008c600000, 0x000000008c700000, 0x000000008c700000|100%| O|  |TAMS 0x000000008c700000, 0x000000008c600000| Untracked 
| 199|0x000000008c700000, 0x000000008c800000, 0x000000008c800000|100%| O|  |TAMS 0x000000008c800000, 0x000000008c700000| Untracked 
| 200|0x000000008c800000, 0x000000008c900000, 0x000000008c900000|100%| O|  |TAMS 0x000000008c900000, 0x000000008c800000| Untracked 
| 201|0x000000008c900000, 0x000000008ca00000, 0x000000008ca00000|100%| O|  |TAMS 0x000000008ca00000, 0x000000008c900000| Untracked 
| 202|0x000000008ca00000, 0x000000008cb00000, 0x000000008cb00000|100%| O|  |TAMS 0x000000008cb00000, 0x000000008ca00000| Untracked 
| 203|0x000000008cb00000, 0x000000008cc00000, 0x000000008cc00000|100%| O|  |TAMS 0x000000008cc00000, 0x000000008cb00000| Untracked 
| 204|0x000000008cc00000, 0x000000008cd00000, 0x000000008cd00000|100%| O|  |TAMS 0x000000008cd00000, 0x000000008cc00000| Untracked 
| 205|0x000000008cd00000, 0x000000008ce00000, 0x000000008ce00000|100%| O|  |TAMS 0x000000008ce00000, 0x000000008cd00000| Untracked 
| 206|0x000000008ce00000, 0x000000008cf00000, 0x000000008cf00000|100%| O|  |TAMS 0x000000008cf00000, 0x000000008ce00000| Untracked 
| 207|0x000000008cf00000, 0x000000008d000000, 0x000000008d000000|100%| O|  |TAMS 0x000000008d000000, 0x000000008cf00000| Untracked 
| 208|0x000000008d000000, 0x000000008d100000, 0x000000008d100000|100%| O|  |TAMS 0x000000008d100000, 0x000000008d000000| Untracked 
| 209|0x000000008d100000, 0x000000008d200000, 0x000000008d200000|100%| O|  |TAMS 0x000000008d200000, 0x000000008d100000| Untracked 
| 210|0x000000008d200000, 0x000000008d300000, 0x000000008d300000|100%| O|  |TAMS 0x000000008d300000, 0x000000008d200000| Untracked 
| 211|0x000000008d300000, 0x000000008d400000, 0x000000008d400000|100%| O|  |TAMS 0x000000008d400000, 0x000000008d300000| Untracked 
| 212|0x000000008d400000, 0x000000008d500000, 0x000000008d500000|100%| O|  |TAMS 0x000000008d500000, 0x000000008d400000| Untracked 
| 213|0x000000008d500000, 0x000000008d600000, 0x000000008d600000|100%| O|  |TAMS 0x000000008d600000, 0x000000008d500000| Untracked 
| 214|0x000000008d600000, 0x000000008d700000, 0x000000008d700000|100%| O|  |TAMS 0x000000008d700000, 0x000000008d600000| Untracked 
| 215|0x000000008d700000, 0x000000008d800000, 0x000000008d800000|100%| O|  |TAMS 0x000000008d800000, 0x000000008d700000| Untracked 
| 216|0x000000008d800000, 0x000000008d900000, 0x000000008d900000|100%| O|  |TAMS 0x000000008d900000, 0x000000008d800000| Untracked 
| 217|0x000000008d900000, 0x000000008da00000, 0x000000008da00000|100%| O|  |TAMS 0x000000008da00000, 0x000000008d900000| Untracked 
| 218|0x000000008da00000, 0x000000008db00000, 0x000000008db00000|100%| O|  |TAMS 0x000000008db00000, 0x000000008da00000| Complete 
| 219|0x000000008db00000, 0x000000008dc00000, 0x000000008dc00000|100%| O|  |TAMS 0x000000008dc00000, 0x000000008db00000| Untracked 
| 220|0x000000008dc00000, 0x000000008dd00000, 0x000000008dd00000|100%| O|  |TAMS 0x000000008dd00000, 0x000000008dc00000| Complete 
| 221|0x000000008dd00000, 0x000000008de00000, 0x000000008de00000|100%| O|  |TAMS 0x000000008de00000, 0x000000008dd00000| Untracked 
| 222|0x000000008de00000, 0x000000008df00000, 0x000000008df00000|100%| O|  |TAMS 0x000000008df00000, 0x000000008de00000| Untracked 
| 223|0x000000008df00000, 0x000000008e000000, 0x000000008e000000|100%| O|  |TAMS 0x000000008e000000, 0x000000008df00000| Complete 
| 224|0x000000008e000000, 0x000000008e100000, 0x000000008e100000|100%| O|  |TAMS 0x000000008e100000, 0x000000008e000000| Untracked 
| 225|0x000000008e100000, 0x000000008e200000, 0x000000008e200000|100%| O|  |TAMS 0x000000008e200000, 0x000000008e100000| Untracked 
| 226|0x000000008e200000, 0x000000008e300000, 0x000000008e300000|100%| O|  |TAMS 0x000000008e300000, 0x000000008e200000| Complete 
| 227|0x000000008e300000, 0x000000008e400000, 0x000000008e400000|100%| O|  |TAMS 0x000000008e400000, 0x000000008e300000| Untracked 
| 228|0x000000008e400000, 0x000000008e500000, 0x000000008e500000|100%| O|  |TAMS 0x000000008e500000, 0x000000008e400000| Untracked 
| 229|0x000000008e500000, 0x000000008e600000, 0x000000008e600000|100%| O|  |TAMS 0x000000008e600000, 0x000000008e500000| Untracked 
| 230|0x000000008e600000, 0x000000008e700000, 0x000000008e700000|100%| O|  |TAMS 0x000000008e700000, 0x000000008e600000| Complete 
| 231|0x000000008e700000, 0x000000008e800000, 0x000000008e800000|100%| O|  |TAMS 0x000000008e800000, 0x000000008e700000| Untracked 
| 232|0x000000008e800000, 0x000000008e900000, 0x000000008e900000|100%| O|  |TAMS 0x000000008e900000, 0x000000008e800000| Untracked 
| 233|0x000000008e900000, 0x000000008ea00000, 0x000000008ea00000|100%| O|  |TAMS 0x000000008ea00000, 0x000000008e900000| Complete 
| 234|0x000000008ea00000, 0x000000008eb00000, 0x000000008eb00000|100%| O|  |TAMS 0x000000008eb00000, 0x000000008ea00000| Untracked 
| 235|0x000000008eb00000, 0x000000008ec00000, 0x000000008ec00000|100%| O|  |TAMS 0x000000008ec00000, 0x000000008eb00000| Untracked 
| 236|0x000000008ec00000, 0x000000008ed00000, 0x000000008ed00000|100%| O|  |TAMS 0x000000008ed00000, 0x000000008ec00000| Untracked 
| 237|0x000000008ed00000, 0x000000008ee00000, 0x000000008ee00000|100%| O|  |TAMS 0x000000008ee00000, 0x000000008ed00000| Untracked 
| 238|0x000000008ee00000, 0x000000008ef00000, 0x000000008ef00000|100%| O|  |TAMS 0x000000008ef00000, 0x000000008ee00000| Untracked 
| 239|0x000000008ef00000, 0x000000008f000000, 0x000000008f000000|100%| O|  |TAMS 0x000000008f000000, 0x000000008ef00000| Complete 
| 240|0x000000008f000000, 0x000000008f100000, 0x000000008f100000|100%| O|  |TAMS 0x000000008f100000, 0x000000008f000000| Untracked 
| 241|0x000000008f100000, 0x000000008f200000, 0x000000008f200000|100%| O|  |TAMS 0x000000008f200000, 0x000000008f100000| Complete 
| 242|0x000000008f200000, 0x000000008f300000, 0x000000008f300000|100%| O|  |TAMS 0x000000008f300000, 0x000000008f200000| Untracked 
| 243|0x000000008f300000, 0x000000008f400000, 0x000000008f400000|100%| O|  |TAMS 0x000000008f400000, 0x000000008f300000| Untracked 
| 244|0x000000008f400000, 0x000000008f500000, 0x000000008f500000|100%| O|  |TAMS 0x000000008f500000, 0x000000008f400000| Complete 
| 245|0x000000008f500000, 0x000000008f600000, 0x000000008f600000|100%| O|  |TAMS 0x000000008f600000, 0x000000008f500000| Complete 
| 246|0x000000008f600000, 0x000000008f700000, 0x000000008f700000|100%| O|  |TAMS 0x000000008f700000, 0x000000008f600000| Untracked 
| 247|0x000000008f700000, 0x000000008f800000, 0x000000008f800000|100%| O|  |TAMS 0x000000008f800000, 0x000000008f700000| Complete 
| 248|0x000000008f800000, 0x000000008f900000, 0x000000008f900000|100%| O|  |TAMS 0x000000008f900000, 0x000000008f800000| Untracked 
| 249|0x000000008f900000, 0x000000008fa00000, 0x000000008fa00000|100%| O|  |TAMS 0x000000008fa00000, 0x000000008f900000| Complete 
| 250|0x000000008fa00000, 0x000000008fb00000, 0x000000008fb00000|100%| O|  |TAMS 0x000000008fb00000, 0x000000008fa00000| Complete 
| 251|0x000000008fb00000, 0x000000008fc00000, 0x000000008fc00000|100%| O|  |TAMS 0x000000008fc00000, 0x000000008fb00000| Untracked 
| 252|0x000000008fc00000, 0x000000008fd00000, 0x000000008fd00000|100%| O|  |TAMS 0x000000008fc3da00, 0x000000008fc00000| Untracked 
| 253|0x000000008fd00000, 0x000000008fe00000, 0x000000008fe00000|100%| O|  |TAMS 0x000000008fd00000, 0x000000008fd00000| Untracked 
| 254|0x000000008fe00000, 0x000000008ff00000, 0x000000008ff00000|100%| O|  |TAMS 0x000000008ff00000, 0x000000008fe00000| Complete 
| 255|0x000000008ff00000, 0x0000000090000000, 0x0000000090000000|100%| O|  |TAMS 0x0000000090000000, 0x000000008ff00000| Untracked 
| 256|0x0000000090000000, 0x0000000090100000, 0x0000000090100000|100%| O|  |TAMS 0x0000000090100000, 0x0000000090000000| Complete 
| 257|0x0000000090100000, 0x0000000090200000, 0x0000000090200000|100%| O|  |TAMS 0x0000000090200000, 0x0000000090100000| Untracked 
| 258|0x0000000090200000, 0x0000000090300000, 0x0000000090300000|100%| O|  |TAMS 0x0000000090300000, 0x0000000090200000| Untracked 
| 259|0x0000000090300000, 0x0000000090400000, 0x0000000090400000|100%| O|  |TAMS 0x0000000090400000, 0x0000000090300000| Untracked 
| 260|0x0000000090400000, 0x0000000090500000, 0x0000000090500000|100%| O|  |TAMS 0x0000000090500000, 0x0000000090400000| Untracked 
| 261|0x0000000090500000, 0x0000000090600000, 0x0000000090600000|100%| O|  |TAMS 0x0000000090600000, 0x0000000090500000| Untracked 
| 262|0x0000000090600000, 0x0000000090700000, 0x0000000090700000|100%| O|  |TAMS 0x0000000090700000, 0x0000000090600000| Untracked 
| 263|0x0000000090700000, 0x0000000090800000, 0x0000000090800000|100%| O|  |TAMS 0x0000000090800000, 0x0000000090700000| Complete 
| 264|0x0000000090800000, 0x0000000090900000, 0x0000000090900000|100%|HS|  |TAMS 0x0000000090800000, 0x0000000090800000| Complete 
| 265|0x0000000090900000, 0x0000000090a00000, 0x0000000090a00000|100%|HC|  |TAMS 0x0000000090900000, 0x0000000090900000| Complete 
| 266|0x0000000090a00000, 0x0000000090b00000, 0x0000000090b00000|100%| O|  |TAMS 0x0000000090a00000, 0x0000000090a00000| Untracked 
| 267|0x0000000090b00000, 0x0000000090bc2800, 0x0000000090c00000| 75%| O|  |TAMS 0x0000000090b00000, 0x0000000090b00000| Untracked 
| 268|0x0000000090c00000, 0x0000000090d00000, 0x0000000090d00000|100%| O|  |TAMS 0x0000000090d00000, 0x0000000090c00000| Complete 
| 269|0x0000000090d00000, 0x0000000090e00000, 0x0000000090e00000|100%| O|  |TAMS 0x0000000090e00000, 0x0000000090d00000| Complete 
| 270|0x0000000090e00000, 0x0000000090f00000, 0x0000000090f00000|100%| O|  |TAMS 0x0000000090f00000, 0x0000000090e00000| Untracked 
| 271|0x0000000090f00000, 0x0000000091000000, 0x0000000091000000|100%| O|  |TAMS 0x0000000091000000, 0x0000000090f00000| Complete 
| 272|0x0000000091000000, 0x0000000091000000, 0x0000000091100000|  0%| F|  |TAMS 0x0000000091000000, 0x0000000091000000| Untracked 
| 273|0x0000000091100000, 0x0000000091100000, 0x0000000091200000|  0%| F|  |TAMS 0x0000000091100000, 0x0000000091100000| Untracked 
| 274|0x0000000091200000, 0x0000000091300000, 0x0000000091300000|100%| O|  |TAMS 0x0000000091300000, 0x0000000091200000| Complete 
| 275|0x0000000091300000, 0x0000000091300000, 0x0000000091400000|  0%| F|  |TAMS 0x0000000091300000, 0x0000000091300000| Untracked 
| 276|0x0000000091400000, 0x0000000091400000, 0x0000000091500000|  0%| F|  |TAMS 0x0000000091400000, 0x0000000091400000| Untracked 
| 277|0x0000000091500000, 0x0000000091600000, 0x0000000091600000|100%| O|  |TAMS 0x0000000091600000, 0x0000000091500000| Complete 
| 278|0x0000000091600000, 0x0000000091700000, 0x0000000091700000|100%| O|  |TAMS 0x0000000091700000, 0x0000000091600000| Untracked 
| 279|0x0000000091700000, 0x0000000091800000, 0x0000000091800000|100%| O|  |TAMS 0x0000000091800000, 0x0000000091700000| Untracked 
| 280|0x0000000091800000, 0x0000000091900000, 0x0000000091900000|100%| O|  |TAMS 0x0000000091900000, 0x0000000091800000| Untracked 
| 281|0x0000000091900000, 0x0000000091a00000, 0x0000000091a00000|100%| O|  |TAMS 0x0000000091a00000, 0x0000000091900000| Untracked 
| 282|0x0000000091a00000, 0x0000000091b00000, 0x0000000091b00000|100%| O|  |TAMS 0x0000000091b00000, 0x0000000091a00000| Untracked 
| 283|0x0000000091b00000, 0x0000000091c00000, 0x0000000091c00000|100%| O|  |TAMS 0x0000000091c00000, 0x0000000091b00000| Untracked 
| 284|0x0000000091c00000, 0x0000000091d00000, 0x0000000091d00000|100%| O|  |TAMS 0x0000000091d00000, 0x0000000091c00000| Untracked 
| 285|0x0000000091d00000, 0x0000000091e00000, 0x0000000091e00000|100%| O|  |TAMS 0x0000000091e00000, 0x0000000091d00000| Untracked 
| 286|0x0000000091e00000, 0x0000000091e00000, 0x0000000091f00000|  0%| F|  |TAMS 0x0000000091e00000, 0x0000000091e00000| Untracked 
| 287|0x0000000091f00000, 0x0000000091f00000, 0x0000000092000000|  0%| F|  |TAMS 0x0000000091f00000, 0x0000000091f00000| Untracked 
| 288|0x0000000092000000, 0x0000000092100000, 0x0000000092100000|100%| O|  |TAMS 0x0000000092100000, 0x0000000092000000| Untracked 
| 289|0x0000000092100000, 0x0000000092200000, 0x0000000092200000|100%| O|  |TAMS 0x0000000092200000, 0x0000000092100000| Untracked 
| 290|0x0000000092200000, 0x0000000092200000, 0x0000000092300000|  0%| F|  |TAMS 0x0000000092200000, 0x0000000092200000| Untracked 
| 291|0x0000000092300000, 0x0000000092400000, 0x0000000092400000|100%| O|  |TAMS 0x0000000092400000, 0x0000000092300000| Untracked 
| 292|0x0000000092400000, 0x0000000092500000, 0x0000000092500000|100%| O|  |TAMS 0x0000000092500000, 0x0000000092400000| Untracked 
| 293|0x0000000092500000, 0x0000000092500000, 0x0000000092600000|  0%| F|  |TAMS 0x0000000092500000, 0x0000000092500000| Untracked 
| 294|0x0000000092600000, 0x0000000092600000, 0x0000000092700000|  0%| F|  |TAMS 0x0000000092600000, 0x0000000092600000| Untracked 
| 295|0x0000000092700000, 0x0000000092700000, 0x0000000092800000|  0%| F|  |TAMS 0x0000000092700000, 0x0000000092700000| Untracked 
| 296|0x0000000092800000, 0x0000000092800000, 0x0000000092900000|  0%| F|  |TAMS 0x0000000092800000, 0x0000000092800000| Untracked 
| 297|0x0000000092900000, 0x0000000092900000, 0x0000000092a00000|  0%| F|  |TAMS 0x0000000092900000, 0x0000000092900000| Untracked 
| 298|0x0000000092a00000, 0x0000000092b00000, 0x0000000092b00000|100%| O|  |TAMS 0x0000000092b00000, 0x0000000092a00000| Complete 
| 299|0x0000000092b00000, 0x0000000092b00000, 0x0000000092c00000|  0%| F|  |TAMS 0x0000000092b00000, 0x0000000092b00000| Untracked 
| 300|0x0000000092c00000, 0x0000000092c00000, 0x0000000092d00000|  0%| F|  |TAMS 0x0000000092c00000, 0x0000000092c00000| Untracked 
| 301|0x0000000092d00000, 0x0000000092d00000, 0x0000000092e00000|  0%| F|  |TAMS 0x0000000092d00000, 0x0000000092d00000| Untracked 
| 302|0x0000000092e00000, 0x0000000092e00000, 0x0000000092f00000|  0%| F|  |TAMS 0x0000000092e00000, 0x0000000092e00000| Untracked 
| 303|0x0000000092f00000, 0x0000000092f00000, 0x0000000093000000|  0%| F|  |TAMS 0x0000000092f00000, 0x0000000092f00000| Untracked 
| 304|0x0000000093000000, 0x0000000093000000, 0x0000000093100000|  0%| F|  |TAMS 0x0000000093000000, 0x0000000093000000| Untracked 
| 305|0x0000000093100000, 0x0000000093100000, 0x0000000093200000|  0%| F|  |TAMS 0x0000000093100000, 0x0000000093100000| Untracked 
| 306|0x0000000093200000, 0x0000000093300000, 0x0000000093300000|100%| S|CS|TAMS 0x0000000093200000, 0x0000000093200000| Complete 
| 307|0x0000000093300000, 0x0000000093400000, 0x0000000093400000|100%| S|CS|TAMS 0x0000000093300000, 0x0000000093300000| Complete 
| 308|0x0000000093400000, 0x0000000093400000, 0x0000000093500000|  0%| F|  |TAMS 0x0000000093400000, 0x0000000093400000| Untracked 
| 309|0x0000000093500000, 0x0000000093500000, 0x0000000093600000|  0%| F|  |TAMS 0x0000000093500000, 0x0000000093500000| Untracked 
| 310|0x0000000093600000, 0x0000000093700000, 0x0000000093700000|100%| O|  |TAMS 0x0000000093700000, 0x0000000093600000| Untracked 
| 311|0x0000000093700000, 0x0000000093800000, 0x0000000093800000|100%| O|  |TAMS 0x0000000093800000, 0x0000000093700000| Untracked 
| 312|0x0000000093800000, 0x0000000093800000, 0x0000000093900000|  0%| F|  |TAMS 0x0000000093800000, 0x0000000093800000| Untracked 
| 313|0x0000000093900000, 0x0000000093900000, 0x0000000093a00000|  0%| F|  |TAMS 0x0000000093900000, 0x0000000093900000| Untracked 
| 314|0x0000000093a00000, 0x0000000093a00000, 0x0000000093b00000|  0%| F|  |TAMS 0x0000000093a00000, 0x0000000093a00000| Untracked 
| 315|0x0000000093b00000, 0x0000000093b00000, 0x0000000093c00000|  0%| F|  |TAMS 0x0000000093b00000, 0x0000000093b00000| Untracked 
| 316|0x0000000093c00000, 0x0000000093c00000, 0x0000000093d00000|  0%| F|  |TAMS 0x0000000093c00000, 0x0000000093c00000| Untracked 
| 317|0x0000000093d00000, 0x0000000093e00000, 0x0000000093e00000|100%| O|  |TAMS 0x0000000093e00000, 0x0000000093d00000| Untracked 
| 318|0x0000000093e00000, 0x0000000093e00000, 0x0000000093f00000|  0%| F|  |TAMS 0x0000000093e00000, 0x0000000093e00000| Untracked 
| 319|0x0000000093f00000, 0x0000000093f00000, 0x0000000094000000|  0%| F|  |TAMS 0x0000000093f00000, 0x0000000093f00000| Untracked 
| 320|0x0000000094000000, 0x0000000094000000, 0x0000000094100000|  0%| F|  |TAMS 0x0000000094000000, 0x0000000094000000| Untracked 
| 321|0x0000000094100000, 0x0000000094100000, 0x0000000094200000|  0%| F|  |TAMS 0x0000000094100000, 0x0000000094100000| Untracked 
| 322|0x0000000094200000, 0x00000000942f58e8, 0x0000000094300000| 95%| E|  |TAMS 0x0000000094200000, 0x0000000094200000| Complete 
| 323|0x0000000094300000, 0x0000000094400000, 0x0000000094400000|100%| O|  |TAMS 0x0000000094400000, 0x0000000094300000| Untracked 
| 324|0x0000000094400000, 0x0000000094500000, 0x0000000094500000|100%| E|CS|TAMS 0x0000000094400000, 0x0000000094400000| Complete 
| 325|0x0000000094500000, 0x0000000094600000, 0x0000000094600000|100%| O|  |TAMS 0x0000000094600000, 0x0000000094500000| Untracked 
| 326|0x0000000094600000, 0x0000000094700000, 0x0000000094700000|100%| E|CS|TAMS 0x0000000094600000, 0x0000000094600000| Complete 

Card table byte_map: [0x000001d3700c0000,0x000001d3704c0000] _byte_map_base: 0x000001d36fcc0000

Marking Bits (Prev, Next): (CMBitMap*) 0x000001d3567700a0, (CMBitMap*) 0x000001d356770068
 Prev Bits: [0x000001d3728c0000, 0x000001d3748c0000)
 Next Bits: [0x000001d3708c0000, 0x000001d3728c0000)

Polling page: 0x000001d356810000

Metaspace:

Usage:
  Non-class:    153.99 MB capacity,   149.24 MB ( 97%) used,     4.15 MB (  3%) free+waste,   624.00 KB ( <1%) overhead. 
      Class:     24.93 MB capacity,    21.91 MB ( 88%) used,     2.75 MB ( 11%) free+waste,   281.75 KB (  1%) overhead. 
       Both:    178.92 MB capacity,   171.14 MB ( 96%) used,     6.89 MB (  4%) free+waste,   905.75 KB ( <1%) overhead. 

Virtual space:
  Non-class space:      156.00 MB reserved,     154.01 MB ( 99%) committed 
      Class space:      504.00 MB reserved,      25.00 MB (  5%) committed 
             Both:      660.00 MB reserved,     179.01 MB ( 27%) committed 

Chunk freelists:
   Non-Class:  18.00 KB
       Class:  8.00 KB
        Both:  26.00 KB

MaxMetaspaceSize: 512.00 MB
CompressedClassSpaceSize: 504.00 MB
Initial GC threshold: 20.80 MB
Current GC threshold: 298.35 MB
CDS: off

CodeHeap 'non-profiled nmethods': size=120064Kb used=20718Kb max_used=20718Kb free=99345Kb
 bounds [0x000001d368140000, 0x000001d369580000, 0x000001d36f680000]
CodeHeap 'profiled nmethods': size=120000Kb used=56607Kb max_used=56607Kb free=63392Kb
 bounds [0x000001d360c10000, 0x000001d364360000, 0x000001d368140000]
CodeHeap 'non-nmethods': size=5696Kb used=2463Kb max_used=2510Kb free=3232Kb
 bounds [0x000001d360680000, 0x000001d360910000, 0x000001d360c10000]
 total_blobs=25595 nmethods=24588 adapters=918
 compilation: enabled
              stopped_count=0, restarted_count=0
 full_count=0

Compilation events (20 events):
Event: 908.283 Thread 0x000001d376f5e000 27897       3       com.sun.tools.javac.parser.JavacParser::typeName (33 bytes)
Event: 908.283 Thread 0x000001d376f5e000 nmethod 27897 0x000001d364358590 code [0x000001d3643587a0, 0x000001d364358b38]
Event: 908.511 Thread 0x000001d376f5e000 27901       3       com.sun.tools.javac.parser.JavaTokenizer::skipIllegalUnderscores (49 bytes)
Event: 908.512 Thread 0x000001d376f5e000 nmethod 27901 0x000001d364358d10 code [0x000001d364358f40, 0x000001d364359778]
Event: 908.513 Thread 0x000001d376f5e000 27902       3       com.sun.tools.javac.parser.JavacParser::classOrInterfaceOrEnumDeclaration (192 bytes)
Event: 908.515 Thread 0x000001d376f5e000 nmethod 27902 0x000001d364359a90 code [0x000001d364359ea0, 0x000001d36435c048]
Event: 908.735 Thread 0x000001d377873800 nmethod 27892 0x000001d369562890 code [0x000001d369562e40, 0x000001d369568858]
Event: 908.736 Thread 0x000001d377873800 27896       4       com.sun.tools.javac.parser.JavacParser::term3 (2482 bytes)
Event: 909.961 Thread 0x000001d377873800 nmethod 27896 0x000001d36956b690 code [0x000001d36956c400, 0x000001d369574cc0]
Event: 910.338 Thread 0x000001d376f5e000 27903       3       java.io.ObjectInputStream$FieldValues::<init> (20 bytes)
Event: 910.339 Thread 0x000001d376f5e000 nmethod 27903 0x000001d36435ca90 code [0x000001d36435cc40, 0x000001d36435ceb8]
Event: 910.350 Thread 0x000001d376f5e000 27904       3       java.net.SocketOutputStream::write (8 bytes)
Event: 910.350 Thread 0x000001d376f5e000 nmethod 27904 0x000001d36435cf90 code [0x000001d36435d140, 0x000001d36435d268]
Event: 910.350 Thread 0x000001d376f5e000 27905   !   3       java.net.SocketOutputStream::socketWrite (133 bytes)
Event: 910.352 Thread 0x000001d376f5e000 nmethod 27905 0x000001d36435d310 code [0x000001d36435d660, 0x000001d36435ebd8]
Event: 910.415 Thread 0x000001d376f5e000 27906       3       java.lang.ThreadLocal$ThreadLocalMap::setThreshold (10 bytes)
Event: 910.415 Thread 0x000001d376f5e000 nmethod 27906 0x000001d36435f410 code [0x000001d36435f5c0, 0x000001d36435f6f8]
Event: 919.666 Thread 0x000001d377873800 27907  s!   4       sun.nio.ch.NativeThreadSet::signalAndWait (134 bytes)
Event: 919.669 Thread 0x000001d377873800 nmethod 27907 0x000001d36957b510 code [0x000001d36957b6a0, 0x000001d36957b8b8]
Event: 919.669 Thread 0x000001d377873800 27908   !   4       sun.nio.ch.FileChannelImpl::implCloseChannel (169 bytes)

GC Heap History (20 events):
Event: 870.188 GC heap before
{Heap before GC invocations=281 (full 0):
 garbage-first heap   total 334848K, used 319606K [0x0000000080000000, 0x0000000100000000)
  region size 1024K, 16 young (16384K), 2 survivors (2048K)
 Metaspace       used 171747K, capacity 179622K, committed 179720K, reserved 671744K
  class space    used 21974K, capacity 25053K, committed 25088K, reserved 516096K
}
Event: 870.202 GC heap after
{Heap after GC invocations=282 (full 0):
 garbage-first heap   total 334848K, used 307562K [0x0000000080000000, 0x0000000100000000)
  region size 1024K, 2 young (2048K), 2 survivors (2048K)
 Metaspace       used 171747K, capacity 179622K, committed 179720K, reserved 671744K
  class space    used 21974K, capacity 25053K, committed 25088K, reserved 516096K
}
Event: 871.841 GC heap before
{Heap before GC invocations=283 (full 0):
 garbage-first heap   total 334848K, used 318826K [0x0000000080000000, 0x0000000100000000)
  region size 1024K, 16 young (16384K), 2 survivors (2048K)
 Metaspace       used 172186K, capacity 180038K, committed 180232K, reserved 671744K
  class space    used 22029K, capacity 25085K, committed 25088K, reserved 516096K
}
Event: 871.853 GC heap after
{Heap after GC invocations=284 (full 0):
 garbage-first heap   total 334848K, used 307838K [0x0000000080000000, 0x0000000100000000)
  region size 1024K, 2 young (2048K), 2 survivors (2048K)
 Metaspace       used 172186K, capacity 180038K, committed 180232K, reserved 671744K
  class space    used 22029K, capacity 25085K, committed 25088K, reserved 516096K
}
Event: 873.760 GC heap before
{Heap before GC invocations=284 (full 0):
 garbage-first heap   total 334848K, used 322174K [0x0000000080000000, 0x0000000100000000)
  region size 1024K, 16 young (16384K), 2 survivors (2048K)
 Metaspace       used 172688K, capacity 180542K, committed 180616K, reserved 671744K
  class space    used 22093K, capacity 25174K, committed 25216K, reserved 516096K
}
Event: 873.782 GC heap after
{Heap after GC invocations=285 (full 0):
 garbage-first heap   total 334848K, used 293380K [0x0000000080000000, 0x0000000100000000)
  region size 1024K, 2 young (2048K), 2 survivors (2048K)
 Metaspace       used 172688K, capacity 180542K, committed 180616K, reserved 671744K
  class space    used 22093K, capacity 25174K, committed 25216K, reserved 516096K
}
Event: 875.041 GC heap before
{Heap before GC invocations=285 (full 0):
 garbage-first heap   total 334848K, used 306692K [0x0000000080000000, 0x0000000100000000)
  region size 1024K, 16 young (16384K), 2 survivors (2048K)
 Metaspace       used 173312K, capacity 181188K, committed 181512K, reserved 673792K
  class space    used 22203K, capacity 25239K, committed 25344K, reserved 516096K
}
Event: 875.050 GC heap after
{Heap after GC invocations=286 (full 0):
 garbage-first heap   total 334848K, used 293648K [0x0000000080000000, 0x0000000100000000)
  region size 1024K, 2 young (2048K), 2 survivors (2048K)
 Metaspace       used 173312K, capacity 181188K, committed 181512K, reserved 673792K
  class space    used 22203K, capacity 25239K, committed 25344K, reserved 516096K
}
Event: 876.260 GC heap before
{Heap before GC invocations=286 (full 0):
 garbage-first heap   total 334848K, used 306960K [0x0000000080000000, 0x0000000100000000)
  region size 1024K, 16 young (16384K), 2 survivors (2048K)
 Metaspace       used 173738K, capacity 181608K, committed 181768K, reserved 673792K
  class space    used 22245K, capacity 25313K, committed 25344K, reserved 516096K
}
Event: 876.286 GC heap after
{Heap after GC invocations=287 (full 0):
 garbage-first heap   total 334848K, used 296053K [0x0000000080000000, 0x0000000100000000)
  region size 1024K, 2 young (2048K), 2 survivors (2048K)
 Metaspace       used 173738K, capacity 181608K, committed 181768K, reserved 673792K
  class space    used 22245K, capacity 25313K, committed 25344K, reserved 516096K
}
Event: 878.137 GC heap before
{Heap before GC invocations=288 (full 0):
 garbage-first heap   total 334848K, used 310389K [0x0000000080000000, 0x0000000100000000)
  region size 1024K, 16 young (16384K), 2 survivors (2048K)
 Metaspace       used 174101K, capacity 182005K, committed 182152K, reserved 673792K
  class space    used 22290K, capacity 25353K, committed 25472K, reserved 516096K
}
Event: 878.151 GC heap after
{Heap after GC invocations=289 (full 0):
 garbage-first heap   total 334848K, used 296876K [0x0000000080000000, 0x0000000100000000)
  region size 1024K, 1 young (1024K), 1 survivors (1024K)
 Metaspace       used 174101K, capacity 182005K, committed 182152K, reserved 673792K
  class space    used 22290K, capacity 25353K, committed 25472K, reserved 516096K
}
Event: 879.958 GC heap before
{Heap before GC invocations=289 (full 0):
 garbage-first heap   total 334848K, used 311212K [0x0000000080000000, 0x0000000100000000)
  region size 1024K, 16 young (16384K), 1 survivors (1024K)
 Metaspace       used 174704K, capacity 182643K, committed 182920K, reserved 673792K
  class space    used 22371K, capacity 25438K, committed 25472K, reserved 516096K
}
Event: 879.976 GC heap after
{Heap after GC invocations=290 (full 0):
 garbage-first heap   total 334848K, used 288135K [0x0000000080000000, 0x0000000100000000)
  region size 1024K, 2 young (2048K), 2 survivors (2048K)
 Metaspace       used 174704K, capacity 182643K, committed 182920K, reserved 673792K
  class space    used 22371K, capacity 25438K, committed 25472K, reserved 516096K
}
Event: 906.849 GC heap before
{Heap before GC invocations=290 (full 0):
 garbage-first heap   total 334848K, used 303495K [0x0000000080000000, 0x0000000100000000)
  region size 1024K, 16 young (16384K), 2 survivors (2048K)
 Metaspace       used 174773K, capacity 182678K, committed 182920K, reserved 673792K
  class space    used 22377K, capacity 25470K, committed 25472K, reserved 516096K
}
Event: 906.858 GC heap after
{Heap after GC invocations=291 (full 0):
 garbage-first heap   total 334848K, used 291075K [0x0000000080000000, 0x0000000100000000)
  region size 1024K, 2 young (2048K), 2 survivors (2048K)
 Metaspace       used 174773K, capacity 182678K, committed 182920K, reserved 673792K
  class space    used 22377K, capacity 25470K, committed 25472K, reserved 516096K
}
Event: 910.257 GC heap before
{Heap before GC invocations=291 (full 0):
 garbage-first heap   total 334848K, used 303363K [0x0000000080000000, 0x0000000100000000)
  region size 1024K, 16 young (16384K), 2 survivors (2048K)
 Metaspace       used 175103K, capacity 183084K, committed 183304K, reserved 675840K
  class space    used 22410K, capacity 25517K, committed 25600K, reserved 516096K
}
Event: 910.285 GC heap after
{Heap after GC invocations=292 (full 0):
 garbage-first heap   total 334848K, used 295158K [0x0000000080000000, 0x0000000100000000)
  region size 1024K, 2 young (2048K), 2 survivors (2048K)
 Metaspace       used 175103K, capacity 183084K, committed 183304K, reserved 675840K
  class space    used 22410K, capacity 25517K, committed 25600K, reserved 516096K
}
Event: 915.556 GC heap before
{Heap before GC invocations=293 (full 0):
 garbage-first heap   total 334848K, used 310518K [0x0000000080000000, 0x0000000100000000)
  region size 1024K, 16 young (16384K), 2 survivors (2048K)
 Metaspace       used 175251K, capacity 183214K, committed 183304K, reserved 675840K
  class space    used 22434K, capacity 25528K, committed 25600K, reserved 516096K
}
Event: 915.588 GC heap after
{Heap after GC invocations=294 (full 0):
 garbage-first heap   total 334848K, used 300810K [0x0000000080000000, 0x0000000100000000)
  region size 1024K, 2 young (2048K), 2 survivors (2048K)
 Metaspace       used 175251K, capacity 183214K, committed 183304K, reserved 675840K
  class space    used 22434K, capacity 25528K, committed 25600K, reserved 516096K
}

Deoptimization events (20 events):
Event: 906.807 Thread 0x000001d302d55000 Uncommon trap: trap_request=0xffffff4d fr.pc=0x000001d36923e258 relative=0x00000000000058f8
Event: 906.807 Thread 0x000001d302d55000 Uncommon trap: reason=unstable_if action=reinterpret pc=0x000001d36923e258 method=com.sun.tools.javac.parser.JavaTokenizer.readToken()Lcom/sun/tools/javac/parser/Tokens$Token; @ 860 c2
Event: 906.807 Thread 0x000001d302d55000 DEOPT PACKING pc=0x000001d36923e258 sp=0x000000bab2cf9000
Event: 906.807 Thread 0x000001d302d55000 DEOPT UNPACKING pc=0x000001d3606ca1af sp=0x000000bab2cf8fd8 mode 2
Event: 906.834 Thread 0x000001d302d55000 Uncommon trap: trap_request=0xffffff4d fr.pc=0x000001d369547f0c relative=0x00000000000011ac
Event: 906.834 Thread 0x000001d302d55000 Uncommon trap: reason=unstable_if action=reinterpret pc=0x000001d369547f0c method=com.sun.tools.javac.tree.TreeInfo.isExpressionStatement(Lcom/sun/tools/javac/tree/JCTree$JCExpression;)Z @ 11 c2
Event: 906.834 Thread 0x000001d302d55000 DEOPT PACKING pc=0x000001d369547f0c sp=0x000000bab2cf8fd0
Event: 906.834 Thread 0x000001d302d55000 DEOPT UNPACKING pc=0x000001d3606ca1af sp=0x000000bab2cf8ec0 mode 2
Event: 906.869 Thread 0x000001d302d55000 Uncommon trap: trap_request=0xffffff4d fr.pc=0x000001d369444a58 relative=0x00000000000051f8
Event: 906.869 Thread 0x000001d302d55000 Uncommon trap: reason=unstable_if action=reinterpret pc=0x000001d369444a58 method=com.sun.tools.javac.parser.JavacParser.term3()Lcom/sun/tools/javac/tree/JCTree$JCExpression; @ 28 c2
Event: 906.869 Thread 0x000001d302d55000 DEOPT PACKING pc=0x000001d369444a58 sp=0x000000bab2cf8c70
Event: 906.869 Thread 0x000001d302d55000 DEOPT UNPACKING pc=0x000001d3606ca1af sp=0x000000bab2cf8c28 mode 2
Event: 907.482 Thread 0x000001d302d55000 Uncommon trap: trap_request=0xffffff4d fr.pc=0x000001d3693792cc relative=0x000000000000058c
Event: 907.482 Thread 0x000001d302d55000 Uncommon trap: reason=unstable_if action=reinterpret pc=0x000001d3693792cc method=com.sun.tools.javac.parser.JavaTokenizer.scanLitChar(I)V @ 68 c2
Event: 907.482 Thread 0x000001d302d55000 DEOPT PACKING pc=0x000001d3693792cc sp=0x000000bab2cf6710
Event: 907.482 Thread 0x000001d302d55000 DEOPT UNPACKING pc=0x000001d3606ca1af sp=0x000000bab2cf66e0 mode 2
Event: 907.493 Thread 0x000001d302d55000 Uncommon trap: trap_request=0xffffff4d fr.pc=0x000001d369298410 relative=0x0000000000000070
Event: 907.493 Thread 0x000001d302d55000 Uncommon trap: reason=unstable_if action=reinterpret pc=0x000001d369298410 method=com.sun.tools.javac.parser.JavacParser.annotationsOpt(Lcom/sun/tools/javac/tree/JCTree$Tag;)Lcom/sun/tools/javac/util/List; @ 10 c2
Event: 907.493 Thread 0x000001d302d55000 DEOPT PACKING pc=0x000001d369298410 sp=0x000000bab2cf9090
Event: 907.493 Thread 0x000001d302d55000 DEOPT UNPACKING pc=0x000001d3606ca1af sp=0x000000bab2cf9010 mode 2

Classes redefined (0 events):
No events

Internal exceptions (20 events):
Event: 878.445 Thread 0x000001d302d55000 Exception <a 'sun/nio/fs/WindowsException'{0x0000000094250e10}> (0x0000000094250e10) thrown at [./src/hotspot/share/prims/jni.cpp, line 617]
Event: 878.445 Thread 0x000001d302d55000 Exception <a 'sun/nio/fs/WindowsException'{0x0000000094251d20}> (0x0000000094251d20) thrown at [./src/hotspot/share/prims/jni.cpp, line 617]
Event: 878.447 Thread 0x000001d308eaa800 Exception <a 'sun/nio/fs/WindowsException'{0x00000000942687d0}> (0x00000000942687d0) thrown at [./src/hotspot/share/prims/jni.cpp, line 617]
Event: 879.304 Thread 0x000001d308eb2800 Exception <a 'java/lang/NoSuchMethodError'{0x0000000093be8030}: <clinit>> (0x0000000093be8030) thrown at [./src/hotspot/share/prims/jni.cpp, line 1367]
Event: 879.305 Thread 0x000001d308eb2800 Exception <a 'java/lang/NoSuchMethodError'{0x0000000093bf6dc8}: <clinit>> (0x0000000093bf6dc8) thrown at [./src/hotspot/share/prims/jni.cpp, line 1367]
Event: 879.583 Thread 0x000001d379fbf800 Exception <a 'java/lang/InterruptedException'{0x0000000093a34268}> (0x0000000093a34268) thrown at [./src/hotspot/share/runtime/objectMonitor.cpp, line 1635]
Event: 879.587 Thread 0x000001d308eb2800 Exception <a 'java/lang/NoSuchMethodError'{0x0000000093a5bef0}: <clinit>> (0x0000000093a5bef0) thrown at [./src/hotspot/share/prims/jni.cpp, line 1367]
Event: 879.588 Thread 0x000001d308eb2800 Exception <a 'java/lang/NoSuchMethodError'{0x0000000093a6ae88}: <clinit>> (0x0000000093a6ae88) thrown at [./src/hotspot/share/prims/jni.cpp, line 1367]
Event: 879.589 Thread 0x000001d308eb2800 Exception <a 'java/lang/NoSuchMethodError'{0x0000000093a7b310}: <clinit>> (0x0000000093a7b310) thrown at [./src/hotspot/share/prims/jni.cpp, line 1367]
Event: 879.597 Thread 0x000001d308eb2800 Exception <a 'java/lang/NoSuchMethodError'{0x000000009390d438}: <clinit>> (0x000000009390d438) thrown at [./src/hotspot/share/prims/jni.cpp, line 1367]
Event: 907.714 Thread 0x000001d308eb5000 Exception <a 'java/lang/NoSuchMethodError'{0x0000000093e503a8}: <clinit>> (0x0000000093e503a8) thrown at [./src/hotspot/share/prims/jni.cpp, line 1367]
Event: 907.714 Thread 0x000001d308eb5000 Exception <a 'java/lang/NoSuchMethodError'{0x0000000093e5c718}: <clinit>> (0x0000000093e5c718) thrown at [./src/hotspot/share/prims/jni.cpp, line 1367]
Event: 908.518 Thread 0x000001d302d55000 Exception <a 'sun/nio/fs/WindowsException'{0x000000009358f800}> (0x000000009358f800) thrown at [./src/hotspot/share/prims/jni.cpp, line 617]
Event: 908.518 Thread 0x000001d302d55000 Exception <a 'sun/nio/fs/WindowsException'{0x00000000935904b8}> (0x00000000935904b8) thrown at [./src/hotspot/share/prims/jni.cpp, line 617]
Event: 908.518 Thread 0x000001d302d55000 Exception <a 'sun/nio/fs/WindowsException'{0x0000000093590748}> (0x0000000093590748) thrown at [./src/hotspot/share/prims/jni.cpp, line 617]
Event: 910.333 Thread 0x000001d308eb5000 Exception <a 'java/lang/NoSuchMethodError'{0x0000000094260058}: <clinit>> (0x0000000094260058) thrown at [./src/hotspot/share/prims/jni.cpp, line 1367]
Event: 910.335 Thread 0x000001d308eb5000 Exception <a 'java/lang/NoSuchMethodError'{0x000000009426c2c8}: <clinit>> (0x000000009426c2c8) thrown at [./src/hotspot/share/prims/jni.cpp, line 1367]
Event: 910.338 Thread 0x000001d308eb5000 Exception <a 'java/lang/NoSuchMethodError'{0x00000000942795e0}: <clinit>> (0x00000000942795e0) thrown at [./src/hotspot/share/prims/jni.cpp, line 1367]
Event: 910.341 Thread 0x000001d308b9d800 Exception <a 'java/lang/InterruptedException'{0x00000000942836f8}> (0x00000000942836f8) thrown at [./src/hotspot/share/runtime/objectMonitor.cpp, line 1635]
Event: 910.349 Thread 0x000001d308eb5000 Exception <a 'java/lang/NoSuchMethodError'{0x00000000941b6c68}: <clinit>> (0x00000000941b6c68) thrown at [./src/hotspot/share/prims/jni.cpp, line 1367]

Events (20 events):
Event: 906.858 Executing VM operation: G1CollectForAllocation done
Event: 907.172 Executing VM operation: RevokeBias
Event: 907.172 Executing VM operation: RevokeBias done
Event: 907.172 Thread 0x000001d37b4fb800 Thread exited: 0x000001d37b4fb800
Event: 907.716 Thread 0x000001d308b9d800 Thread added: 0x000001d308b9d800
Event: 908.257 Executing VM operation: RevokeBias
Event: 908.258 Executing VM operation: RevokeBias done
Event: 910.100 Executing VM operation: RevokeBias
Event: 910.248 Executing VM operation: RevokeBias done
Event: 910.257 Executing VM operation: G1CollectForAllocation
Event: 910.285 Executing VM operation: G1CollectForAllocation done
Event: 910.415 Thread 0x000001d308ba1000 Thread added: 0x000001d308ba1000
Event: 911.801 Executing VM operation: CGC_Operation
Event: 911.847 Executing VM operation: CGC_Operation done
Event: 912.603 Executing VM operation: CGC_Operation
Event: 912.604 Executing VM operation: CGC_Operation done
Event: 912.868 Executing VM operation: RevokeBias
Event: 912.869 Executing VM operation: RevokeBias done
Event: 915.556 Executing VM operation: G1CollectForAllocation
Event: 915.588 Executing VM operation: G1CollectForAllocation done


Dynamic libraries:
0x00007ff7a8c30000 - 0x00007ff7a8c3d000 	C:\Program Files\Microsoft\jdk-11.0.18.10-hotspot\bin\java.exe
0x00007ffab6430000 - 0x00007ffab6628000 	C:\Windows\SYSTEM32\ntdll.dll
0x00007ffab4490000 - 0x00007ffab454f000 	C:\Windows\System32\KERNEL32.DLL
0x00007ffab4190000 - 0x00007ffab4486000 	C:\Windows\System32\KERNELBASE.dll
0x00007ffab3dd0000 - 0x00007ffab3ed0000 	C:\Windows\System32\ucrtbase.dll
0x00007ffa87d80000 - 0x00007ffa87d97000 	C:\Program Files\Microsoft\jdk-11.0.18.10-hotspot\bin\jli.dll
0x00007ffab5600000 - 0x00007ffab579d000 	C:\Windows\System32\USER32.dll
0x00007ffab3ed0000 - 0x00007ffab3ef2000 	C:\Windows\System32\win32u.dll
0x00007ffab49d0000 - 0x00007ffab49fc000 	C:\Windows\System32\GDI32.dll
0x00007ffab4070000 - 0x00007ffab4185000 	C:\Windows\System32\gdi32full.dll
0x00007ffab3b40000 - 0x00007ffab3bdd000 	C:\Windows\System32\msvcp_win.dll
0x00007ffa80020000 - 0x00007ffa80035000 	C:\Program Files\Microsoft\jdk-11.0.18.10-hotspot\bin\VCRUNTIME140.dll
0x00007ffaa3a30000 - 0x00007ffaa3cca000 	C:\Windows\WinSxS\amd64_microsoft.windows.common-controls_6595b64144ccf1df_6.0.19041.1110_none_60b5254171f9507e\COMCTL32.dll
0x00007ffab5060000 - 0x00007ffab50fe000 	C:\Windows\System32\msvcrt.dll
0x00007ffab6190000 - 0x00007ffab61c0000 	C:\Windows\System32\IMM32.DLL
0x00007ffa66bc0000 - 0x00007ffa66c5b000 	C:\Program Files\Microsoft\jdk-11.0.18.10-hotspot\bin\msvcp140.dll
0x00007ffa3aa70000 - 0x00007ffa3b602000 	C:\Program Files\Microsoft\jdk-11.0.18.10-hotspot\bin\server\jvm.dll
0x00007ffab60d0000 - 0x00007ffab617f000 	C:\Windows\System32\ADVAPI32.dll
0x00007ffab6220000 - 0x00007ffab62bc000 	C:\Windows\System32\sechost.dll
0x00007ffab4b10000 - 0x00007ffab4c36000 	C:\Windows\System32\RPCRT4.dll
0x00007ffab4fc0000 - 0x00007ffab4fc8000 	C:\Windows\System32\PSAPI.DLL
0x00007ffa94b70000 - 0x00007ffa94b79000 	C:\Windows\SYSTEM32\WSOCK32.dll
0x00007ffab4ed0000 - 0x00007ffab4f3b000 	C:\Windows\System32\WS2_32.dll
0x00007ffaa1e80000 - 0x00007ffaa1ea7000 	C:\Windows\SYSTEM32\WINMM.dll
0x00007ffaa57f0000 - 0x00007ffaa57fa000 	C:\Windows\SYSTEM32\VERSION.dll
0x00007ffab1b50000 - 0x00007ffab1b62000 	C:\Windows\SYSTEM32\kernel.appcore.dll
0x00007ffa90480000 - 0x00007ffa90490000 	C:\Program Files\Microsoft\jdk-11.0.18.10-hotspot\bin\verify.dll
0x00007ffab16f0000 - 0x00007ffab18d4000 	C:\Windows\SYSTEM32\DBGHELP.DLL
0x00007ffa9ba90000 - 0x00007ffa9bac4000 	C:\Windows\SYSTEM32\dbgcore.DLL
0x00007ffab3d40000 - 0x00007ffab3dc2000 	C:\Windows\System32\bcryptPrimitives.dll
0x00007ffa7fff0000 - 0x00007ffa80018000 	C:\Program Files\Microsoft\jdk-11.0.18.10-hotspot\bin\java.dll
0x00007ffa90360000 - 0x00007ffa9036a000 	C:\Program Files\Microsoft\jdk-11.0.18.10-hotspot\bin\jimage.dll
0x00007ffa7fc90000 - 0x00007ffa7fca8000 	C:\Program Files\Microsoft\jdk-11.0.18.10-hotspot\bin\zip.dll
0x00007ffab5870000 - 0x00007ffab5fb4000 	C:\Windows\System32\SHELL32.dll
0x00007ffab1b70000 - 0x00007ffab2303000 	C:\Windows\SYSTEM32\windows.storage.dll
0x00007ffab4550000 - 0x00007ffab48a4000 	C:\Windows\System32\combase.dll
0x00007ffab3470000 - 0x00007ffab349e000 	C:\Windows\SYSTEM32\Wldp.dll
0x00007ffab6020000 - 0x00007ffab60cd000 	C:\Windows\System32\SHCORE.dll
0x00007ffab5fc0000 - 0x00007ffab6015000 	C:\Windows\System32\shlwapi.dll
0x00007ffab3a40000 - 0x00007ffab3a65000 	C:\Windows\SYSTEM32\profapi.dll
0x00007ffa7fc70000 - 0x00007ffa7fc89000 	C:\Program Files\Microsoft\jdk-11.0.18.10-hotspot\bin\net.dll
0x00007ffaac190000 - 0x00007ffaac29a000 	C:\Windows\SYSTEM32\WINHTTP.dll
0x00007ffab3250000 - 0x00007ffab32ba000 	C:\Windows\system32\mswsock.dll
0x00007ffa7f630000 - 0x00007ffa7f643000 	C:\Program Files\Microsoft\jdk-11.0.18.10-hotspot\bin\nio.dll
0x00007ffa79bf0000 - 0x00007ffa79c17000 	C:\Users\HT\.gradle\native\68d5fa5c4cc2d200863cafc0d521ce42e7d3e7ee720ec0a83991735586a16f82\windows-amd64\native-platform.dll
0x00007ffa55000000 - 0x00007ffa55144000 	C:\Users\HT\.gradle\native\e376f236ea51e6404a007f0833ffe2c6e607c4080706a723a18a27aeea778392\windows-amd64\native-platform-file-events.dll
0x00007ffa901b0000 - 0x00007ffa901b9000 	C:\Program Files\Microsoft\jdk-11.0.18.10-hotspot\bin\management.dll
0x00007ffa8c2c0000 - 0x00007ffa8c2cb000 	C:\Program Files\Microsoft\jdk-11.0.18.10-hotspot\bin\management_ext.dll
0x00007ffab34b0000 - 0x00007ffab34c8000 	C:\Windows\SYSTEM32\CRYPTSP.dll
0x00007ffab2b10000 - 0x00007ffab2b44000 	C:\Windows\system32\rsaenh.dll
0x00007ffab3b10000 - 0x00007ffab3b37000 	C:\Windows\System32\bcrypt.dll
0x00007ffab3a00000 - 0x00007ffab3a2e000 	C:\Windows\SYSTEM32\USERENV.dll
0x00007ffab33e0000 - 0x00007ffab33ec000 	C:\Windows\SYSTEM32\CRYPTBASE.dll
0x00007ffab2f10000 - 0x00007ffab2f4b000 	C:\Windows\SYSTEM32\IPHLPAPI.DLL
0x00007ffab5050000 - 0x00007ffab5058000 	C:\Windows\System32\NSI.dll
0x00007ffaabf80000 - 0x00007ffaabf97000 	C:\Windows\SYSTEM32\dhcpcsvc6.DLL
0x00007ffaabf60000 - 0x00007ffaabf7d000 	C:\Windows\SYSTEM32\dhcpcsvc.DLL
0x00007ffab2f60000 - 0x00007ffab302a000 	C:\Windows\SYSTEM32\DNSAPI.dll
0x00007ffaa2ee0000 - 0x00007ffaa2efe000 	C:\Users\HT\AppData\Local\Temp\native-platform13773034782477707713dir\native-platform.dll
0x00007ffa89600000 - 0x00007ffa89607000 	C:\Program Files\Microsoft\jdk-11.0.18.10-hotspot\bin\rmi.dll
0x00007ffaa3670000 - 0x00007ffaa368e000 	C:\Users\HT\AppData\Local\Temp\native-platform101318696482763844dir\native-platform.dll
0x00007ffaa3650000 - 0x00007ffaa366e000 	C:\Users\HT\AppData\Local\Temp\native-platform7732966567352973240dir\native-platform.dll

dbghelp: loaded successfully - version: 4.0.5 - missing functions: none
symbol engine: initialized successfully - sym options: 0x614 - pdb path: .;C:\Program Files\Microsoft\jdk-11.0.18.10-hotspot\bin;C:\Windows\SYSTEM32;C:\Windows\WinSxS\amd64_microsoft.windows.common-controls_6595b64144ccf1df_6.0.19041.1110_none_60b5254171f9507e;C:\Program Files\Microsoft\jdk-11.0.18.10-hotspot\bin\server;C:\Users\HT\.gradle\native\68d5fa5c4cc2d200863cafc0d521ce42e7d3e7ee720ec0a83991735586a16f82\windows-amd64;C:\Users\HT\.gradle\native\e376f236ea51e6404a007f0833ffe2c6e607c4080706a723a18a27aeea778392\windows-amd64;C:\Users\HT\AppData\Local\Temp\native-platform13773034782477707713dir;C:\Users\HT\AppData\Local\Temp\native-platform101318696482763844dir;C:\Users\HT\AppData\Local\Temp\native-platform7732966567352973240dir

VM Arguments:
jvm_args: -XX:MaxMetaspaceSize=512m --add-opens=java.base/java.util=ALL-UNNAMED --add-opens=java.base/java.lang=ALL-UNNAMED --add-opens=java.base/java.lang.invoke=ALL-UNNAMED --add-opens=java.prefs/java.util.prefs=ALL-UNNAMED --add-opens=java.base/java.nio.charset=ALL-UNNAMED --add-opens=java.base/java.net=ALL-UNNAMED --add-opens=java.base/java.util.concurrent.atomic=ALL-UNNAMED -Xmx2048m -Dfile.encoding=windows-1252 -Duser.country=US -Duser.language=en -Duser.variant 
java_command: org.gradle.launcher.daemon.bootstrap.GradleDaemon 8.0.1
java_class_path (initial): C:\Users\HT\.gradle\wrapper\dists\gradle-8.0.1-all\aro4hu1c3oeioove7l0i4i14o\gradle-8.0.1\lib\gradle-launcher-8.0.1.jar
Launcher Type: SUN_STANDARD

[Global flags]
     intx CICompilerCount                          = 3                                         {product} {ergonomic}
   size_t CompressedClassSpaceSize                 = 528482304                                 {product} {ergonomic}
     uint ConcGCThreads                            = 1                                         {product} {ergonomic}
     uint G1ConcRefinementThreads                  = 4                                         {product} {ergonomic}
   size_t G1HeapRegionSize                         = 1048576                                   {product} {ergonomic}
    uintx GCDrainStackTargetSize                   = 64                                        {product} {ergonomic}
   size_t InitialHeapSize                          = 134217728                                 {product} {ergonomic}
   size_t MarkStackSize                            = 4194304                                   {product} {ergonomic}
   size_t MaxHeapSize                              = 2147483648                                {product} {command line}
   size_t MaxMetaspaceSize                         = 536870912                                 {product} {command line}
   size_t MaxNewSize                               = 1287651328                                {product} {ergonomic}
   size_t MinHeapDeltaBytes                        = 1048576                                   {product} {ergonomic}
    uintx NonNMethodCodeHeapSize                   = 5830732                                {pd product} {ergonomic}
    uintx NonProfiledCodeHeapSize                  = 122913754                              {pd product} {ergonomic}
    uintx ProfiledCodeHeapSize                     = 122913754                              {pd product} {ergonomic}
    uintx ReservedCodeCacheSize                    = 251658240                              {pd product} {ergonomic}
     bool SegmentedCodeCache                       = true                                      {product} {ergonomic}
     bool UseCompressedClassPointers               = true                                 {lp64_product} {ergonomic}
     bool UseCompressedOops                        = true                                 {lp64_product} {ergonomic}
     bool UseG1GC                                  = true                                      {product} {ergonomic}
     bool UseLargePagesIndividualAllocation        = false                                  {pd product} {ergonomic}

Logging:
Log output configuration:
 #0: stdout all=warning uptime,level,tags
 #1: stderr all=off uptime,level,tags

Environment Variables:
JAVA_HOME=C:\Program Files\Microsoft\jdk-11.0.18.10-hotspot\
CLASSPATH=D:\Coding\Learning Projects\REACT-NATIVE\CUTTING-EDGES\android\\gradle\wrapper\gradle-wrapper.jar
PATH=D:\Coding\Learning Projects\REACT-NATIVE\CUTTING-EDGES\node_modules\.bin;D:\Coding\Learning Projects\REACT-NATIVE\node_modules\.bin;D:\Coding\Learning Projects\node_modules\.bin;D:\Coding\node_modules\.bin;D:\node_modules\.bin;C:\Users\HT\AppData\Roaming\nvm\v16.16.0\node_modules\npm\node_modules\@npmcli\run-script\lib\node-gyp-bin;C:\Program Files\Microsoft\jdk-11.0.18.10-hotspot\bin;C:\Windows\system32;C:\Windows;C:\Windows\System32\Wbem;C:\Windows\System32\WindowsPowerShell\v1.0\;C:\Windows\System32\OpenSSH\;C:\Program Files (x86)\AMD\ATI.ACE\Core-Static;C:\Program Files\Git\cmd;C:\Program Files\Docker\Docker\resources\bin;C:\ProgramData\chocolatey\bin;C:\Users\HT\AppData\Local\Android\Sdk\platform-tools;%NVM_HOME%;%NVM_SYMLINK%;C:\Program Files\dotnet\;C:\Users\HT\AppData\Local\Android\Sdk\tools;C:\Users\HT\AppData\Local\Programs\Python\Python311\Scripts\;C:\Users\HT\AppData\Local\Programs\Python\Python311\;C:\Users\HT\AppData\Local\Microsoft\WindowsApps;C:\Users\HT\AppData\Local\Programs\Microsoft VS Code\bin;C:\Users\HT\AppData\Local\GitHubDesktop\bin;C:\Users\HT\AppData\Roaming\npm;C:\Users\HT\AppData\Roaming\nvm;C:\Program Files\nodejs
USERNAME=HT
OS=Windows_NT
PROCESSOR_IDENTIFIER=Intel64 Family 6 Model 78 Stepping 3, GenuineIntel
TMP=C:\Users\HT\AppData\Local\Temp
TEMP=C:\Users\HT\AppData\Local\Temp



---------------  S Y S T E M  ---------------

OS: Windows 10 , 64 bit Build 19041 (10.0.19041.3155)
OS uptime: 0 days 19:25 hours
Hyper-V role detected

CPU:total 4 (initial active 4) (2 cores per cpu, 2 threads per core) family 6 model 78 stepping 3 microcode 0xf0, cmov, cx8, fxsr, mmx, sse, sse2, sse3, ssse3, sse4.1, sse4.2, popcnt, avx, avx2, aes, clmul, erms, rtm, 3dnowpref, lzcnt, ht, tsc, tscinvbit, bmi1, bmi2, adx, fma

Memory: 4k page, system-wide physical 8083M (153M free)
TotalPageFile size 17061M (AvailPageFile size 84M)
current process WorkingSet (physical memory assigned to process): 501M, peak: 561M
current process commit charge ("private bytes"): 817M, peak: 832M

vm_info: OpenJDK 64-Bit Server VM (11.0.18+10-LTS) for windows-amd64 JRE (11.0.18+10-LTS), built on Jan 18 2023 15:56:47 by "MicrosoftCorporation" with MS VC++ 15.9 (VS2017)

END.
